0 verbose cli /usr/local/bin/node /usr/local/bin/npm
1 info using npm@11.4.2
2 info using node@v22.13.1
3 silly config load:file:/usr/local/lib/node_modules/npm/npmrc
4 silly config load:file:/Users/franivan/Documents/ProyectosWeb/HotelTriz/client/.npmrc
5 silly config load:file:/Users/franivan/.npmrc
6 verbose config error loading user config Error: EPERM: operation not permitted, open '/Users/franivan/.npmrc'
6 verbose config     at async open (node:internal/fs/promises:638:25)
6 verbose config     at async readFile (node:internal/fs/promises:1242:14)
6 verbose config     at async #loadFile (/usr/local/lib/node_modules/npm/node_modules/@npmcli/config/lib/index.js:635:5)
6 verbose config     at async Config.load (/usr/local/lib/node_modules/npm/node_modules/@npmcli/config/lib/index.js:259:5)
6 verbose config     at async #load (/usr/local/lib/node_modules/npm/lib/npm.js:99:5)
6 verbose config     at async Npm.load (/usr/local/lib/node_modules/npm/lib/npm.js:81:14)
6 verbose config     at async module.exports (/usr/local/lib/node_modules/npm/lib/cli/entry.js:35:37) {
6 verbose config   errno: -1,
6 verbose config   code: 'EPERM',
6 verbose config   syscall: 'open',
6 verbose config   path: '/Users/franivan/.npmrc'
6 verbose config }
7 silly config load:file:/usr/local/etc/npmrc
8 verbose title npm install axios
9 verbose argv "install" "axios" "--cache" "../.npm_cache"
10 verbose logfile logs-max:10 dir:/Users/franivan/Documents/ProyectosWeb/HotelTriz/.npm_cache/_logs/2026-04-15T10_56_56_098Z-
11 verbose logfile /Users/franivan/Documents/ProyectosWeb/HotelTriz/.npm_cache/_logs/2026-04-15T10_56_56_098Z-debug-0.log
12 silly logfile done cleaning log files
13 silly packumentCache heap:4345298944 maxSize:1086324736 maxEntrySize:543162368
14 silly idealTree buildDeps
15 silly fetch manifest axios@*
16 silly packumentCache full:https://registry.npmjs.org/axios cache-miss
17 http fetch GET 200 https://registry.npmjs.org/axios 213ms (cache miss)
18 silly packumentCache full:https://registry.npmjs.org/axios set size:undefined disposed:false
19 silly placeDep ROOT axios@1.15.0 OK for: client@0.0.0 want: *
20 silly fetch manifest form-data@^4.0.5
21 silly packumentCache full:https://registry.npmjs.org/form-data cache-miss
22 silly fetch manifest proxy-from-env@^2.1.0
23 silly packumentCache full:https://registry.npmjs.org/proxy-from-env cache-miss
24 silly fetch manifest follow-redirects@^1.15.11
25 silly packumentCache full:https://registry.npmjs.org/follow-redirects cache-miss
26 http fetch GET 200 https://registry.npmjs.org/form-data 42ms (cache miss)
27 silly packumentCache full:https://registry.npmjs.org/form-data set size:undefined disposed:false
28 http fetch GET 200 https://registry.npmjs.org/follow-redirects 115ms (cache miss)
29 silly packumentCache full:https://registry.npmjs.org/follow-redirects set size:undefined disposed:false
30 http fetch GET 200 https://registry.npmjs.org/proxy-from-env 122ms (cache miss)
31 silly packumentCache full:https://registry.npmjs.org/proxy-from-env set size:undefined disposed:false
32 silly placeDep ROOT follow-redirects@1.16.0 OK for: axios@1.15.0 want: ^1.15.11
33 silly placeDep ROOT form-data@4.0.5 OK for: axios@1.15.0 want: ^4.0.5
34 silly placeDep ROOT proxy-from-env@2.1.0 OK for: axios@1.15.0 want: ^2.1.0
35 silly fetch manifest asynckit@^0.4.0
36 silly packumentCache full:https://registry.npmjs.org/asynckit cache-miss
37 silly fetch manifest combined-stream@^1.0.8
38 silly packumentCache full:https://registry.npmjs.org/combined-stream cache-miss
39 silly fetch manifest es-set-tostringtag@^2.1.0
40 silly packumentCache full:https://registry.npmjs.org/es-set-tostringtag cache-miss
41 silly fetch manifest hasown@^2.0.2
42 silly packumentCache full:https://registry.npmjs.org/hasown cache-miss
43 silly fetch manifest mime-types@^2.1.12
44 silly packumentCache full:https://registry.npmjs.org/mime-types cache-miss
45 http fetch GET 200 https://registry.npmjs.org/asynckit 41ms (cache miss)
46 silly packumentCache full:https://registry.npmjs.org/asynckit set size:undefined disposed:false
47 http fetch GET 200 https://registry.npmjs.org/combined-stream 42ms (cache miss)
48 silly packumentCache full:https://registry.npmjs.org/combined-stream set size:undefined disposed:false
49 http fetch GET 200 https://registry.npmjs.org/es-set-tostringtag 55ms (cache miss)
50 silly packumentCache full:https://registry.npmjs.org/es-set-tostringtag set size:undefined disposed:false
51 http fetch GET 200 https://registry.npmjs.org/mime-types 124ms (cache miss)
52 silly packumentCache full:https://registry.npmjs.org/mime-types set size:undefined disposed:false
53 http fetch GET 200 https://registry.npmjs.org/hasown 150ms (cache miss)
54 silly packumentCache full:https://registry.npmjs.org/hasown set size:undefined disposed:false
55 silly placeDep ROOT asynckit@0.4.0 OK for: form-data@4.0.5 want: ^0.4.0
56 silly placeDep ROOT combined-stream@1.0.8 OK for: form-data@4.0.5 want: ^1.0.8
57 silly placeDep ROOT es-set-tostringtag@2.1.0 OK for: form-data@4.0.5 want: ^2.1.0
58 silly placeDep ROOT hasown@2.0.2 OK for: form-data@4.0.5 want: ^2.0.2
59 silly placeDep ROOT mime-types@2.1.35 OK for: form-data@4.0.5 want: ^2.1.12
60 silly fetch manifest delayed-stream@~1.0.0
61 silly packumentCache full:https://registry.npmjs.org/delayed-stream cache-miss
62 silly fetch manifest es-errors@^1.3.0
63 silly packumentCache full:https://registry.npmjs.org/es-errors cache-miss
64 silly fetch manifest get-intrinsic@^1.2.6
65 silly packumentCache full:https://registry.npmjs.org/get-intrinsic cache-miss
66 silly fetch manifest has-tostringtag@^1.0.2
67 silly packumentCache full:https://registry.npmjs.org/has-tostringtag cache-miss
68 silly fetch manifest function-bind@^1.1.2
69 silly packumentCache full:https://registry.npmjs.org/function-bind cache-miss
70 silly fetch manifest mime-db@1.52.0
71 silly packumentCache full:https://registry.npmjs.org/mime-db cache-miss
72 http fetch GET 200 https://registry.npmjs.org/delayed-stream 44ms (cache miss)
73 silly packumentCache full:https://registry.npmjs.org/delayed-stream set size:undefined disposed:false
74 http fetch GET 200 https://registry.npmjs.org/es-errors 45ms (cache miss)
75 silly packumentCache full:https://registry.npmjs.org/es-errors set size:undefined disposed:false
76 http fetch GET 200 https://registry.npmjs.org/has-tostringtag 55ms (cache miss)
77 silly packumentCache full:https://registry.npmjs.org/has-tostringtag set size:undefined disposed:false
78 http fetch GET 200 https://registry.npmjs.org/get-intrinsic 56ms (cache miss)
79 silly packumentCache full:https://registry.npmjs.org/get-intrinsic set size:undefined disposed:false
80 http fetch GET 200 https://registry.npmjs.org/function-bind 60ms (cache miss)
81 silly packumentCache full:https://registry.npmjs.org/function-bind set size:undefined disposed:false
82 http fetch GET 200 https://registry.npmjs.org/mime-db 121ms (cache miss)
83 silly packumentCache full:https://registry.npmjs.org/mime-db set size:undefined disposed:false
84 silly placeDep ROOT delayed-stream@1.0.0 OK for: combined-stream@1.0.8 want: ~1.0.0
85 silly placeDep ROOT es-errors@1.3.0 OK for: es-set-tostringtag@2.1.0 want: ^1.3.0
86 silly placeDep ROOT get-intrinsic@1.3.0 OK for: es-set-tostringtag@2.1.0 want: ^1.2.6
87 silly placeDep ROOT has-tostringtag@1.0.2 OK for: es-set-tostringtag@2.1.0 want: ^1.0.2
88 silly fetch manifest gopd@^1.2.0
89 silly packumentCache full:https://registry.npmjs.org/gopd cache-miss
90 silly fetch manifest get-proto@^1.0.1
91 silly packumentCache full:https://registry.npmjs.org/get-proto cache-miss
92 silly fetch manifest has-symbols@^1.1.0
93 silly packumentCache full:https://registry.npmjs.org/has-symbols cache-miss
94 silly fetch manifest es-object-atoms@^1.1.1
95 silly packumentCache full:https://registry.npmjs.org/es-object-atoms cache-miss
96 silly fetch manifest math-intrinsics@^1.1.0
97 silly packumentCache full:https://registry.npmjs.org/math-intrinsics cache-miss
98 silly fetch manifest es-define-property@^1.0.1
99 silly packumentCache full:https://registry.npmjs.org/es-define-property cache-miss
100 silly fetch manifest call-bind-apply-helpers@^1.0.2
101 silly packumentCache full:https://registry.npmjs.org/call-bind-apply-helpers cache-miss
102 http fetch GET 200 https://registry.npmjs.org/gopd 37ms (cache miss)
103 silly packumentCache full:https://registry.npmjs.org/gopd set size:undefined disposed:false
104 silly fetch manifest has-symbols@^1.0.3
105 silly packumentCache full:https://registry.npmjs.org/has-symbols cache-miss
106 http fetch GET 200 https://registry.npmjs.org/get-proto 44ms (cache miss)
107 silly packumentCache full:https://registry.npmjs.org/get-proto set size:undefined disposed:false
108 http fetch GET 200 https://registry.npmjs.org/has-symbols 45ms (cache miss)
109 silly packumentCache full:https://registry.npmjs.org/has-symbols set size:undefined disposed:false
110 http fetch GET 200 https://registry.npmjs.org/es-define-property 44ms (cache miss)
111 silly packumentCache full:https://registry.npmjs.org/es-define-property set size:undefined disposed:false
112 http fetch GET 200 https://registry.npmjs.org/es-object-atoms 48ms (cache miss)
113 silly packumentCache full:https://registry.npmjs.org/es-object-atoms set size:undefined disposed:false
114 http fetch GET 200 https://registry.npmjs.org/math-intrinsics 51ms (cache miss)
115 silly packumentCache full:https://registry.npmjs.org/math-intrinsics set size:undefined disposed:false
116 http fetch GET 200 https://registry.npmjs.org/has-symbols 34ms (cache miss)
117 silly packumentCache full:https://registry.npmjs.org/has-symbols set size:undefined disposed:false
118 http fetch GET 200 https://registry.npmjs.org/call-bind-apply-helpers 110ms (cache miss)
119 silly packumentCache full:https://registry.npmjs.org/call-bind-apply-helpers set size:undefined disposed:false
120 silly placeDep ROOT call-bind-apply-helpers@1.0.2 OK for: get-intrinsic@1.3.0 want: ^1.0.2
121 silly placeDep ROOT es-define-property@1.0.1 OK for: get-intrinsic@1.3.0 want: ^1.0.1
122 silly placeDep ROOT es-object-atoms@1.1.1 OK for: get-intrinsic@1.3.0 want: ^1.1.1
123 silly placeDep ROOT function-bind@1.1.2 OK for: get-intrinsic@1.3.0 want: ^1.1.2
124 silly placeDep ROOT get-proto@1.0.1 OK for: get-intrinsic@1.3.0 want: ^1.0.1
125 silly placeDep ROOT gopd@1.2.0 OK for: get-intrinsic@1.3.0 want: ^1.2.0
126 silly placeDep ROOT has-symbols@1.1.0 OK for: get-intrinsic@1.3.0 want: ^1.1.0
127 silly placeDep ROOT math-intrinsics@1.1.0 OK for: get-intrinsic@1.3.0 want: ^1.1.0
128 silly fetch manifest dunder-proto@^1.0.1
129 silly packumentCache full:https://registry.npmjs.org/dunder-proto cache-miss
130 http fetch GET 200 https://registry.npmjs.org/dunder-proto 43ms (cache miss)
131 silly packumentCache full:https://registry.npmjs.org/dunder-proto set size:undefined disposed:false
132 silly placeDep ROOT dunder-proto@1.0.1 OK for: get-proto@1.0.1 want: ^1.0.1
133 silly placeDep ROOT mime-db@1.52.0 OK for: mime-types@2.1.35 want: 1.52.0
134 silly reify moves {}
135 silly audit bulk request {
135 silly audit   '@babel/code-frame': [ '7.29.0' ],
135 silly audit   '@babel/compat-data': [ '7.29.0' ],
135 silly audit   '@babel/core': [ '7.29.0' ],
135 silly audit   '@babel/generator': [ '7.29.1' ],
135 silly audit   '@babel/helper-compilation-targets': [ '7.28.6' ],
135 silly audit   '@babel/helper-globals': [ '7.28.0' ],
135 silly audit   '@babel/helper-module-imports': [ '7.28.6' ],
135 silly audit   '@babel/helper-module-transforms': [ '7.28.6' ],
135 silly audit   '@babel/helper-string-parser': [ '7.27.1' ],
135 silly audit   '@babel/helper-validator-identifier': [ '7.28.5' ],
135 silly audit   '@babel/helper-validator-option': [ '7.27.1' ],
135 silly audit   '@babel/helpers': [ '7.29.2' ],
135 silly audit   '@babel/parser': [ '7.29.2' ],
135 silly audit   '@babel/template': [ '7.28.6' ],
135 silly audit   '@babel/traverse': [ '7.29.0' ],
135 silly audit   '@babel/types': [ '7.29.0' ],
135 silly audit   '@emnapi/core': [ '1.9.2' ],
135 silly audit   '@emnapi/runtime': [ '1.9.2' ],
135 silly audit   '@emnapi/wasi-threads': [ '1.2.1' ],
135 silly audit   '@eslint-community/eslint-utils': [ '4.9.1' ],
135 silly audit   'eslint-visitor-keys': [ '3.4.3', '4.2.1' ],
135 silly audit   '@eslint-community/regexpp': [ '4.12.2' ],
135 silly audit   '@eslint/config-array': [ '0.21.2' ],
135 silly audit   '@eslint/config-helpers': [ '0.4.2' ],
135 silly audit   '@eslint/core': [ '0.17.0' ],
135 silly audit   '@eslint/eslintrc': [ '3.3.5' ],
135 silly audit   globals: [ '14.0.0', '17.5.0' ],
135 silly audit   '@eslint/js': [ '9.39.4' ],
135 silly audit   '@eslint/object-schema': [ '2.1.7' ],
135 silly audit   '@eslint/plugin-kit': [ '0.4.1' ],
135 silly audit   '@humanfs/core': [ '0.19.1' ],
135 silly audit   '@humanfs/node': [ '0.16.7' ],
135 silly audit   '@humanwhocodes/module-importer': [ '1.0.1' ],
135 silly audit   '@humanwhocodes/retry': [ '0.4.3' ],
135 silly audit   '@jridgewell/gen-mapping': [ '0.3.13' ],
135 silly audit   '@jridgewell/remapping': [ '2.3.5' ],
135 silly audit   '@jridgewell/resolve-uri': [ '3.1.2' ],
135 silly audit   '@jridgewell/sourcemap-codec': [ '1.5.5' ],
135 silly audit   '@jridgewell/trace-mapping': [ '0.3.31' ],
135 silly audit   '@napi-rs/wasm-runtime': [ '1.1.3' ],
135 silly audit   '@oxc-project/types': [ '0.124.0' ],
135 silly audit   '@rolldown/binding-android-arm64': [ '1.0.0-rc.15' ],
135 silly audit   '@rolldown/binding-darwin-arm64': [ '1.0.0-rc.15' ],
135 silly audit   '@rolldown/binding-darwin-x64': [ '1.0.0-rc.15' ],
135 silly audit   '@rolldown/binding-freebsd-x64': [ '1.0.0-rc.15' ],
135 silly audit   '@rolldown/binding-linux-arm-gnueabihf': [ '1.0.0-rc.15' ],
135 silly audit   '@rolldown/binding-linux-arm64-gnu': [ '1.0.0-rc.15' ],
135 silly audit   '@rolldown/binding-linux-arm64-musl': [ '1.0.0-rc.15' ],
135 silly audit   '@rolldown/binding-linux-ppc64-gnu': [ '1.0.0-rc.15' ],
135 silly audit   '@rolldown/binding-linux-s390x-gnu': [ '1.0.0-rc.15' ],
135 silly audit   '@rolldown/binding-linux-x64-gnu': [ '1.0.0-rc.15' ],
135 silly audit   '@rolldown/binding-linux-x64-musl': [ '1.0.0-rc.15' ],
135 silly audit   '@rolldown/binding-openharmony-arm64': [ '1.0.0-rc.15' ],
135 silly audit   '@rolldown/binding-wasm32-wasi': [ '1.0.0-rc.15' ],
135 silly audit   '@rolldown/binding-win32-arm64-msvc': [ '1.0.0-rc.15' ],
135 silly audit   '@rolldown/binding-win32-x64-msvc': [ '1.0.0-rc.15' ],
135 silly audit   '@rolldown/pluginutils': [ '1.0.0-rc.7', '1.0.0-rc.15' ],
135 silly audit   '@tailwindcss/node': [ '4.2.2' ],
135 silly audit   '@tailwindcss/oxide': [ '4.2.2' ],
135 silly audit   '@tailwindcss/oxide-android-arm64': [ '4.2.2' ],
135 silly audit   '@tailwindcss/oxide-darwin-arm64': [ '4.2.2' ],
135 silly audit   '@tailwindcss/oxide-darwin-x64': [ '4.2.2' ],
135 silly audit   '@tailwindcss/oxide-freebsd-x64': [ '4.2.2' ],
135 silly audit   '@tailwindcss/oxide-linux-arm-gnueabihf': [ '4.2.2' ],
135 silly audit   '@tailwindcss/oxide-linux-arm64-gnu': [ '4.2.2' ],
135 silly audit   '@tailwindcss/oxide-linux-arm64-musl': [ '4.2.2' ],
135 silly audit   '@tailwindcss/oxide-linux-x64-gnu': [ '4.2.2' ],
135 silly audit   '@tailwindcss/oxide-linux-x64-musl': [ '4.2.2' ],
135 silly audit   '@tailwindcss/oxide-wasm32-wasi': [ '4.2.2' ],
135 silly audit   '@tailwindcss/oxide-win32-arm64-msvc': [ '4.2.2' ],
135 silly audit   '@tailwindcss/oxide-win32-x64-msvc': [ '4.2.2' ],
135 silly audit   '@tailwindcss/vite': [ '4.2.2' ],
135 silly audit   '@tybys/wasm-util': [ '0.10.1' ],
135 silly audit   '@types/estree': [ '1.0.8' ],
135 silly audit   '@types/json-schema': [ '7.0.15' ],
135 silly audit   '@types/react': [ '19.2.14' ],
135 silly audit   '@types/react-dom': [ '19.2.3' ],
135 silly audit   '@vitejs/plugin-react': [ '6.0.1' ],
135 silly audit   acorn: [ '8.16.0' ],
135 silly audit   'acorn-jsx': [ '5.3.2' ],
135 silly audit   ajv: [ '6.14.0' ],
135 silly audit   'ansi-styles': [ '4.3.0' ],
135 silly audit   argparse: [ '2.0.1' ],
135 silly audit   autoprefixer: [ '10.5.0' ],
135 silly audit   'balanced-match': [ '1.0.2' ],
135 silly audit   'baseline-browser-mapping': [ '2.10.19' ],
135 silly audit   'brace-expansion': [ '1.1.14' ],
135 silly audit   browserslist: [ '4.28.2' ],
135 silly audit   callsites: [ '3.1.0' ],
135 silly audit   'caniuse-lite': [ '1.0.30001788' ],
135 silly audit   chalk: [ '4.1.2' ],
135 silly audit   'color-convert': [ '2.0.1' ],
135 silly audit   'color-name': [ '1.1.4' ],
135 silly audit   'concat-map': [ '0.0.1' ],
135 silly audit   'convert-source-map': [ '2.0.0' ],
135 silly audit   'cross-spawn': [ '7.0.6' ],
135 silly audit   csstype: [ '3.2.3' ],
135 silly audit   debug: [ '4.4.3' ],
135 silly audit   'deep-is': [ '0.1.4' ],
135 silly audit   'detect-libc': [ '2.1.2' ],
135 silly audit   'electron-to-chromium': [ '1.5.336' ],
135 silly audit   'enhanced-resolve': [ '5.20.1' ],
135 silly audit   escalade: [ '3.2.0' ],
135 silly audit   'escape-string-regexp': [ '4.0.0' ],
135 silly audit   eslint: [ '9.39.4' ],
135 silly audit   'eslint-plugin-react-hooks': [ '7.0.1' ],
135 silly audit   'eslint-plugin-react-refresh': [ '0.5.2' ],
135 silly audit   'eslint-scope': [ '8.4.0' ],
135 silly audit   espree: [ '10.4.0' ],
135 silly audit   esquery: [ '1.7.0' ],
135 silly audit   esrecurse: [ '4.3.0' ],
135 silly audit   estraverse: [ '5.3.0' ],
135 silly audit   esutils: [ '2.0.3' ],
135 silly audit   'fast-deep-equal': [ '3.1.3' ],
135 silly audit   'fast-json-stable-stringify': [ '2.1.0' ],
135 silly audit   'fast-levenshtein': [ '2.0.6' ],
135 silly audit   fdir: [ '6.5.0' ],
135 silly audit   'file-entry-cache': [ '8.0.0' ],
135 silly audit   'find-up': [ '5.0.0' ],
135 silly audit   'flat-cache': [ '4.0.1' ],
135 silly audit   flatted: [ '3.4.2' ],
135 silly audit   'fraction.js': [ '5.3.4' ],
135 silly audit   fsevents: [ '2.3.3' ],
135 silly audit   gensync: [ '1.0.0-beta.2' ],
135 silly audit   'glob-parent': [ '6.0.2' ],
135 silly audit   'graceful-fs': [ '4.2.11' ],
135 silly audit   'has-flag': [ '4.0.0' ],
135 silly audit   'hermes-estree': [ '0.25.1' ],
135 silly audit   'hermes-parser': [ '0.25.1' ],
135 silly audit   ignore: [ '5.3.2' ],
135 silly audit   'import-fresh': [ '3.3.1' ],
135 silly audit   imurmurhash: [ '0.1.4' ],
135 silly audit   'is-extglob': [ '2.1.1' ],
135 silly audit   'is-glob': [ '4.0.3' ],
135 silly audit   isexe: [ '2.0.0' ],
135 silly audit   jiti: [ '2.6.1' ],
135 silly audit   'js-tokens': [ '4.0.0' ],
135 silly audit   'js-yaml': [ '4.1.1' ],
135 silly audit   jsesc: [ '3.1.0' ],
135 silly audit   'json-buffer': [ '3.0.1' ],
135 silly audit   'json-schema-traverse': [ '0.4.1' ],
135 silly audit   'json-stable-stringify-without-jsonify': [ '1.0.1' ],
135 silly audit   json5: [ '2.2.3' ],
135 silly audit   keyv: [ '4.5.4' ],
135 silly audit   levn: [ '0.4.1' ],
135 silly audit   lightningcss: [ '1.32.0' ],
135 silly audit   'lightningcss-android-arm64': [ '1.32.0' ],
135 silly audit   'lightningcss-darwin-arm64': [ '1.32.0' ],
135 silly audit   'lightningcss-darwin-x64': [ '1.32.0' ],
135 silly audit   'lightningcss-freebsd-x64': [ '1.32.0' ],
135 silly audit   'lightningcss-linux-arm-gnueabihf': [ '1.32.0' ],
135 silly audit   'lightningcss-linux-arm64-gnu': [ '1.32.0' ],
135 silly audit   'lightningcss-linux-arm64-musl': [ '1.32.0' ],
135 silly audit   'lightningcss-linux-x64-gnu': [ '1.32.0' ],
135 silly audit   'lightningcss-linux-x64-musl': [ '1.32.0' ],
135 silly audit   'lightningcss-win32-arm64-msvc': [ '1.32.0' ],
135 silly audit   'lightningcss-win32-x64-msvc': [ '1.32.0' ],
135 silly audit   'locate-path': [ '6.0.0' ],
135 silly audit   'lodash.merge': [ '4.6.2' ],
135 silly audit   'lru-cache': [ '5.1.1' ],
135 silly audit   'magic-string': [ '0.30.21' ],
135 silly audit   minimatch: [ '3.1.5' ],
135 silly audit   ms: [ '2.1.3' ],
135 silly audit   nanoid: [ '3.3.11' ],
135 silly audit   'natural-compare': [ '1.4.0' ],
135 silly audit   'node-releases': [ '2.0.37' ],
135 silly audit   optionator: [ '0.9.4' ],
135 silly audit   'p-limit': [ '3.1.0' ],
135 silly audit   'p-locate': [ '5.0.0' ],
135 silly audit   'parent-module': [ '1.0.1' ],
135 silly audit   'path-exists': [ '4.0.0' ],
135 silly audit   'path-key': [ '3.1.1' ],
135 silly audit   picocolors: [ '1.1.1' ],
135 silly audit   picomatch: [ '4.0.4' ],
135 silly audit   postcss: [ '8.5.9' ],
135 silly audit   'postcss-value-parser': [ '4.2.0' ],
135 silly audit   'prelude-ls': [ '1.2.1' ],
135 silly audit   punycode: [ '2.3.1' ],
135 silly audit   react: [ '19.2.5' ],
135 silly audit   'react-dom': [ '19.2.5' ],
135 silly audit   'resolve-from': [ '4.0.0' ],
135 silly audit   rolldown: [ '1.0.0-rc.15' ],
135 silly audit   scheduler: [ '0.27.0' ],
135 silly audit   semver: [ '6.3.1' ],
135 silly audit   'shebang-command': [ '2.0.0' ],
135 silly audit   'shebang-regex': [ '3.0.0' ],
135 silly audit   'source-map-js': [ '1.2.1' ],
135 silly audit   'strip-json-comments': [ '3.1.1' ],
135 silly audit   'supports-color': [ '7.2.0' ],
135 silly audit   tailwindcss: [ '4.2.2' ],
135 silly audit   tapable: [ '2.3.2' ],
135 silly audit   tinyglobby: [ '0.2.16' ],
135 silly audit   tslib: [ '2.8.1' ],
135 silly audit   'type-check': [ '0.4.0' ],
135 silly audit   'update-browserslist-db': [ '1.2.3' ],
135 silly audit   'uri-js': [ '4.4.1' ],
135 silly audit   vite: [ '8.0.8' ],
135 silly audit   which: [ '2.0.2' ],
135 silly audit   'word-wrap': [ '1.2.5' ],
135 silly audit   yallist: [ '3.1.1' ],
135 silly audit   'yocto-queue': [ '0.1.0' ],
135 silly audit   zod: [ '4.3.6' ],
135 silly audit   'zod-validation-error': [ '4.0.2' ],
135 silly audit   axios: [ '1.15.0' ],
135 silly audit   'follow-redirects': [ '1.16.0' ],
135 silly audit   'form-data': [ '4.0.5' ],
135 silly audit   'proxy-from-env': [ '2.1.0' ],
135 silly audit   asynckit: [ '0.4.0' ],
135 silly audit   'combined-stream': [ '1.0.8' ],
135 silly audit   'es-set-tostringtag': [ '2.1.0' ],
135 silly audit   hasown: [ '2.0.2' ],
135 silly audit   'mime-types': [ '2.1.35' ],
135 silly audit   'delayed-stream': [ '1.0.0' ],
135 silly audit   'es-errors': [ '1.3.0' ],
135 silly audit   'get-intrinsic': [ '1.3.0' ],
135 silly audit   'has-tostringtag': [ '1.0.2' ],
135 silly audit   'call-bind-apply-helpers': [ '1.0.2' ],
135 silly audit   'es-define-property': [ '1.0.1' ],
135 silly audit   'es-object-atoms': [ '1.1.1' ],
135 silly audit   'function-bind': [ '1.1.2' ],
135 silly audit   'get-proto': [ '1.0.1' ],
135 silly audit   gopd: [ '1.2.0' ],
135 silly audit   'has-symbols': [ '1.1.0' ],
135 silly audit   'math-intrinsics': [ '1.1.0' ],
135 silly audit   'dunder-proto': [ '1.0.1' ],
135 silly audit   'mime-db': [ '1.52.0' ]
135 silly audit }
136 http cache mime-db@https://registry.npmjs.org/mime-db/-/mime-db-1.52.0.tgz 0ms (cache hit)
137 http cache dunder-proto@https://registry.npmjs.org/dunder-proto/-/dunder-proto-1.0.1.tgz 0ms (cache hit)
138 http cache has-symbols@https://registry.npmjs.org/has-symbols/-/has-symbols-1.1.0.tgz 0ms (cache hit)
139 http cache math-intrinsics@https://registry.npmjs.org/math-intrinsics/-/math-intrinsics-1.1.0.tgz 0ms (cache hit)
140 http cache get-proto@https://registry.npmjs.org/get-proto/-/get-proto-1.0.1.tgz 0ms (cache hit)
141 http cache gopd@https://registry.npmjs.org/gopd/-/gopd-1.2.0.tgz 0ms (cache hit)
142 http cache es-object-atoms@https://registry.npmjs.org/es-object-atoms/-/es-object-atoms-1.1.1.tgz 0ms (cache hit)
143 http cache function-bind@https://registry.npmjs.org/function-bind/-/function-bind-1.1.2.tgz 0ms (cache hit)
144 http cache es-define-property@https://registry.npmjs.org/es-define-property/-/es-define-property-1.0.1.tgz 0ms (cache hit)
145 http cache call-bind-apply-helpers@https://registry.npmjs.org/call-bind-apply-helpers/-/call-bind-apply-helpers-1.0.2.tgz 0ms (cache hit)
146 http cache has-tostringtag@https://registry.npmjs.org/has-tostringtag/-/has-tostringtag-1.0.2.tgz 0ms (cache hit)
147 http cache es-errors@https://registry.npmjs.org/es-errors/-/es-errors-1.3.0.tgz 0ms (cache hit)
148 http cache delayed-stream@https://registry.npmjs.org/delayed-stream/-/delayed-stream-1.0.0.tgz 0ms (cache hit)
149 http cache mime-types@https://registry.npmjs.org/mime-types/-/mime-types-2.1.35.tgz 0ms (cache hit)
150 http cache hasown@https://registry.npmjs.org/hasown/-/hasown-2.0.2.tgz 0ms (cache hit)
151 http cache es-set-tostringtag@https://registry.npmjs.org/es-set-tostringtag/-/es-set-tostringtag-2.1.0.tgz 0ms (cache hit)
152 http cache combined-stream@https://registry.npmjs.org/combined-stream/-/combined-stream-1.0.8.tgz 0ms (cache hit)
153 http cache asynckit@https://registry.npmjs.org/asynckit/-/asynckit-0.4.0.tgz 0ms (cache hit)
154 http cache proxy-from-env@https://registry.npmjs.org/proxy-from-env/-/proxy-from-env-2.1.0.tgz 0ms (cache hit)
155 http cache form-data@https://registry.npmjs.org/form-data/-/form-data-4.0.5.tgz 0ms (cache hit)
156 http cache follow-redirects@https://registry.npmjs.org/follow-redirects/-/follow-redirects-1.16.0.tgz 0ms (cache hit)
157 http cache get-intrinsic@https://registry.npmjs.org/get-intrinsic/-/get-intrinsic-1.3.0.tgz 0ms (cache hit)
158 http cache axios@https://registry.npmjs.org/axios/-/axios-1.15.0.tgz 0ms (cache hit)
159 silly tarball no local data for mime-db@https://registry.npmjs.org/mime-db/-/mime-db-1.52.0.tgz. Extracting by manifest.
160 silly tarball no local data for dunder-proto@https://registry.npmjs.org/dunder-proto/-/dunder-proto-1.0.1.tgz. Extracting by manifest.
161 silly tarball no local data for has-symbols@https://registry.npmjs.org/has-symbols/-/has-symbols-1.1.0.tgz. Extracting by manifest.
162 silly tarball no local data for math-intrinsics@https://registry.npmjs.org/math-intrinsics/-/math-intrinsics-1.1.0.tgz. Extracting by manifest.
163 silly tarball no local data for get-proto@https://registry.npmjs.org/get-proto/-/get-proto-1.0.1.tgz. Extracting by manifest.
164 silly tarball no local data for gopd@https://registry.npmjs.org/gopd/-/gopd-1.2.0.tgz. Extracting by manifest.
165 silly tarball no local data for es-object-atoms@https://registry.npmjs.org/es-object-atoms/-/es-object-atoms-1.1.1.tgz. Extracting by manifest.
166 silly tarball no local data for function-bind@https://registry.npmjs.org/function-bind/-/function-bind-1.1.2.tgz. Extracting by manifest.
167 silly tarball no local data for es-define-property@https://registry.npmjs.org/es-define-property/-/es-define-property-1.0.1.tgz. Extracting by manifest.
168 silly tarball no local data for call-bind-apply-helpers@https://registry.npmjs.org/call-bind-apply-helpers/-/call-bind-apply-helpers-1.0.2.tgz. Extracting by manifest.
169 silly tarball no local data for has-tostringtag@https://registry.npmjs.org/has-tostringtag/-/has-tostringtag-1.0.2.tgz. Extracting by manifest.
170 silly tarball no local data for es-errors@https://registry.npmjs.org/es-errors/-/es-errors-1.3.0.tgz. Extracting by manifest.
171 silly tarball no local data for delayed-stream@https://registry.npmjs.org/delayed-stream/-/delayed-stream-1.0.0.tgz. Extracting by manifest.
172 silly tarball no local data for mime-types@https://registry.npmjs.org/mime-types/-/mime-types-2.1.35.tgz. Extracting by manifest.
173 silly tarball no local data for hasown@https://registry.npmjs.org/hasown/-/hasown-2.0.2.tgz. Extracting by manifest.
174 silly tarball no local data for es-set-tostringtag@https://registry.npmjs.org/es-set-tostringtag/-/es-set-tostringtag-2.1.0.tgz. Extracting by manifest.
175 silly tarball no local data for combined-stream@https://registry.npmjs.org/combined-stream/-/combined-stream-1.0.8.tgz. Extracting by manifest.
176 silly tarball no local data for asynckit@https://registry.npmjs.org/asynckit/-/asynckit-0.4.0.tgz. Extracting by manifest.
177 silly tarball no local data for proxy-from-env@https://registry.npmjs.org/proxy-from-env/-/proxy-from-env-2.1.0.tgz. Extracting by manifest.
178 silly tarball no local data for form-data@https://registry.npmjs.org/form-data/-/form-data-4.0.5.tgz. Extracting by manifest.
179 silly tarball no local data for follow-redirects@https://registry.npmjs.org/follow-redirects/-/follow-redirects-1.16.0.tgz. Extracting by manifest.
180 silly tarball no local data for get-intrinsic@https://registry.npmjs.org/get-intrinsic/-/get-intrinsic-1.3.0.tgz. Extracting by manifest.
181 silly tarball no local data for axios@https://registry.npmjs.org/axios/-/axios-1.15.0.tgz. Extracting by manifest.
182 http fetch GET 200 https://registry.npmjs.org/gopd/-/gopd-1.2.0.tgz 84ms (cache miss)
183 http fetch GET 200 https://registry.npmjs.org/get-proto/-/get-proto-1.0.1.tgz 95ms (cache miss)
184 http fetch GET 200 https://registry.npmjs.org/dunder-proto/-/dunder-proto-1.0.1.tgz 99ms (cache miss)
185 http fetch GET 200 https://registry.npmjs.org/mime-db/-/mime-db-1.52.0.tgz 100ms (cache miss)
186 http fetch GET 200 https://registry.npmjs.org/hasown/-/hasown-2.0.2.tgz 99ms (cache miss)
187 http fetch GET 200 https://registry.npmjs.org/combined-stream/-/combined-stream-1.0.8.tgz 101ms (cache miss)
188 http fetch GET 200 https://registry.npmjs.org/es-set-tostringtag/-/es-set-tostringtag-2.1.0.tgz 102ms (cache miss)
189 http fetch GET 200 https://registry.npmjs.org/has-symbols/-/has-symbols-1.1.0.tgz 105ms (cache miss)
190 http fetch GET 200 https://registry.npmjs.org/math-intrinsics/-/math-intrinsics-1.1.0.tgz 107ms (cache miss)
191 http fetch GET 200 https://registry.npmjs.org/proxy-from-env/-/proxy-from-env-2.1.0.tgz 107ms (cache miss)
192 http fetch GET 200 https://registry.npmjs.org/asynckit/-/asynckit-0.4.0.tgz 108ms (cache miss)
193 http fetch GET 200 https://registry.npmjs.org/es-object-atoms/-/es-object-atoms-1.1.1.tgz 122ms (cache miss)
194 http fetch GET 200 https://registry.npmjs.org/es-define-property/-/es-define-property-1.0.1.tgz 122ms (cache miss)
195 http fetch GET 200 https://registry.npmjs.org/form-data/-/form-data-4.0.5.tgz 127ms (cache miss)
196 http fetch GET 200 https://registry.npmjs.org/function-bind/-/function-bind-1.1.2.tgz 137ms (cache miss)
197 http fetch GET 200 https://registry.npmjs.org/get-intrinsic/-/get-intrinsic-1.3.0.tgz 136ms (cache miss)
198 http fetch GET 200 https://registry.npmjs.org/es-errors/-/es-errors-1.3.0.tgz 138ms (cache miss)
199 http fetch GET 200 https://registry.npmjs.org/follow-redirects/-/follow-redirects-1.16.0.tgz 142ms (cache miss)
200 http fetch POST 200 https://registry.npmjs.org/-/npm/v1/security/advisories/bulk 153ms
201 silly audit report {}
202 http fetch GET 200 https://registry.npmjs.org/has-tostringtag/-/has-tostringtag-1.0.2.tgz 145ms (cache miss)
203 http fetch GET 200 https://registry.npmjs.org/mime-types/-/mime-types-2.1.35.tgz 145ms (cache miss)
204 http fetch GET 200 https://registry.npmjs.org/call-bind-apply-helpers/-/call-bind-apply-helpers-1.0.2.tgz 146ms (cache miss)
205 http fetch GET 200 https://registry.npmjs.org/delayed-stream/-/delayed-stream-1.0.0.tgz 147ms (cache miss)
206 http fetch GET 200 https://registry.npmjs.org/axios/-/axios-1.15.0.tgz 189ms (cache miss)
207 silly ADD node_modules/mime-db
208 silly ADD node_modules/dunder-proto
209 silly ADD node_modules/math-intrinsics
210 silly ADD node_modules/has-symbols
211 silly ADD node_modules/gopd
212 silly ADD node_modules/get-proto
213 silly ADD node_modules/function-bind
214 silly ADD node_modules/es-object-atoms
215 silly ADD node_modules/es-define-property
216 silly ADD node_modules/call-bind-apply-helpers
217 silly ADD node_modules/has-tostringtag
218 silly ADD node_modules/get-intrinsic
219 silly ADD node_modules/es-errors
220 silly ADD node_modules/delayed-stream
221 silly ADD node_modules/mime-types
222 silly ADD node_modules/hasown
223 silly ADD node_modules/es-set-tostringtag
224 silly ADD node_modules/combined-stream
225 silly ADD node_modules/asynckit
226 silly ADD node_modules/proxy-from-env
227 silly ADD node_modules/form-data
228 silly ADD node_modules/follow-redirects
229 silly ADD node_modules/axios
230 verbose cwd /Users/franivan/Documents/ProyectosWeb/HotelTriz/client
231 verbose os Darwin 24.6.0
232 verbose node v22.13.1
233 verbose npm  v11.4.2
234 verbose exit 0
235 info ok
