0 verbose cli /usr/local/bin/node /usr/local/bin/npm
1 info using npm@11.4.2
2 info using node@v22.13.1
3 silly config load:file:/usr/local/lib/node_modules/npm/npmrc
4 silly config load:file:/Users/franivan/Documents/ProyectosWeb/HotelTriz/client/.npmrc
5 silly config load:file:/Users/franivan/.npmrc
6 verbose config error loading user config Error: EPERM: operation not permitted, open '/Users/franivan/.npmrc'
6 verbose config     at async open (node:internal/fs/promises:638:25)
6 verbose config     at async readFile (node:internal/fs/promises:1242:14)
6 verbose config     at async #loadFile (/usr/local/lib/node_modules/npm/node_modules/@npmcli/config/lib/index.js:635:5)
6 verbose config     at async Config.load (/usr/local/lib/node_modules/npm/node_modules/@npmcli/config/lib/index.js:259:5)
6 verbose config     at async #load (/usr/local/lib/node_modules/npm/lib/npm.js:99:5)
6 verbose config     at async Npm.load (/usr/local/lib/node_modules/npm/lib/npm.js:81:14)
6 verbose config     at async module.exports (/usr/local/lib/node_modules/npm/lib/cli/entry.js:35:37) {
6 verbose config   errno: -1,
6 verbose config   code: 'EPERM',
6 verbose config   syscall: 'open',
6 verbose config   path: '/Users/franivan/.npmrc'
6 verbose config }
7 silly config load:file:/usr/local/etc/npmrc
8 verbose title npm install tailwindcss postcss autoprefixer
9 verbose argv "install" "--save-dev" "tailwindcss" "postcss" "autoprefixer" "--cache" "../.npm_cache"
10 verbose logfile logs-max:10 dir:/Users/franivan/Documents/ProyectosWeb/HotelTriz/.npm_cache/_logs/2026-04-15T10_28_32_859Z-
11 verbose logfile /Users/franivan/Documents/ProyectosWeb/HotelTriz/.npm_cache/_logs/2026-04-15T10_28_32_859Z-debug-0.log
12 silly logfile done cleaning log files
13 silly packumentCache heap:4345298944 maxSize:1086324736 maxEntrySize:543162368
14 silly idealTree buildDeps
15 silly fetch manifest tailwindcss@*
16 silly packumentCache full:https://registry.npmjs.org/tailwindcss cache-miss
17 http fetch GET 200 https://registry.npmjs.org/tailwindcss 347ms (cache miss)
18 silly packumentCache full:https://registry.npmjs.org/tailwindcss set size:undefined disposed:false
19 silly fetch manifest postcss@*
20 silly packumentCache full:https://registry.npmjs.org/postcss cache-miss
21 http cache https://registry.npmjs.org/postcss 10ms (cache hit)
22 silly packumentCache full:https://registry.npmjs.org/postcss set size:705229 disposed:false
23 silly fetch manifest autoprefixer@*
24 silly packumentCache full:https://registry.npmjs.org/autoprefixer cache-miss
25 http fetch GET 200 https://registry.npmjs.org/autoprefixer 63ms (cache miss)
26 silly packumentCache full:https://registry.npmjs.org/autoprefixer set size:undefined disposed:false
27 silly placeDep ROOT autoprefixer@10.5.0 OK for: client@0.0.0 want: *
28 silly placeDep ROOT postcss@8.5.9 REPLACE for: client@0.0.0 want: *
29 silly placeDep ROOT tailwindcss@4.2.2 OK for: client@0.0.0 want: *
30 silly fetch manifest fraction.js@^5.3.4
31 silly packumentCache full:https://registry.npmjs.org/fraction.js cache-miss
32 silly fetch manifest postcss-value-parser@^4.2.0
33 silly packumentCache full:https://registry.npmjs.org/postcss-value-parser cache-miss
34 http fetch GET 200 https://registry.npmjs.org/fraction.js 39ms (cache miss)
35 silly packumentCache full:https://registry.npmjs.org/fraction.js set size:undefined disposed:false
36 http fetch GET 200 https://registry.npmjs.org/postcss-value-parser 113ms (cache miss)
37 silly packumentCache full:https://registry.npmjs.org/postcss-value-parser set size:undefined disposed:false
38 silly placeDep ROOT fraction.js@5.3.4 OK for: autoprefixer@10.5.0 want: ^5.3.4
39 silly placeDep ROOT postcss-value-parser@4.2.0 OK for: autoprefixer@10.5.0 want: ^4.2.0
40 silly reify moves {}
41 silly audit bulk request {
41 silly audit   '@babel/code-frame': [ '7.29.0' ],
41 silly audit   '@babel/compat-data': [ '7.29.0' ],
41 silly audit   '@babel/core': [ '7.29.0' ],
41 silly audit   '@babel/generator': [ '7.29.1' ],
41 silly audit   '@babel/helper-compilation-targets': [ '7.28.6' ],
41 silly audit   '@babel/helper-globals': [ '7.28.0' ],
41 silly audit   '@babel/helper-module-imports': [ '7.28.6' ],
41 silly audit   '@babel/helper-module-transforms': [ '7.28.6' ],
41 silly audit   '@babel/helper-string-parser': [ '7.27.1' ],
41 silly audit   '@babel/helper-validator-identifier': [ '7.28.5' ],
41 silly audit   '@babel/helper-validator-option': [ '7.27.1' ],
41 silly audit   '@babel/helpers': [ '7.29.2' ],
41 silly audit   '@babel/parser': [ '7.29.2' ],
41 silly audit   '@babel/template': [ '7.28.6' ],
41 silly audit   '@babel/traverse': [ '7.29.0' ],
41 silly audit   '@babel/types': [ '7.29.0' ],
41 silly audit   '@emnapi/core': [ '1.9.2' ],
41 silly audit   '@emnapi/runtime': [ '1.9.2' ],
41 silly audit   '@emnapi/wasi-threads': [ '1.2.1' ],
41 silly audit   '@eslint-community/eslint-utils': [ '4.9.1' ],
41 silly audit   'eslint-visitor-keys': [ '3.4.3', '4.2.1' ],
41 silly audit   '@eslint-community/regexpp': [ '4.12.2' ],
41 silly audit   '@eslint/config-array': [ '0.21.2' ],
41 silly audit   '@eslint/config-helpers': [ '0.4.2' ],
41 silly audit   '@eslint/core': [ '0.17.0' ],
41 silly audit   '@eslint/eslintrc': [ '3.3.5' ],
41 silly audit   globals: [ '14.0.0', '17.5.0' ],
41 silly audit   '@eslint/js': [ '9.39.4' ],
41 silly audit   '@eslint/object-schema': [ '2.1.7' ],
41 silly audit   '@eslint/plugin-kit': [ '0.4.1' ],
41 silly audit   '@humanfs/core': [ '0.19.1' ],
41 silly audit   '@humanfs/node': [ '0.16.7' ],
41 silly audit   '@humanwhocodes/module-importer': [ '1.0.1' ],
41 silly audit   '@humanwhocodes/retry': [ '0.4.3' ],
41 silly audit   '@jridgewell/gen-mapping': [ '0.3.13' ],
41 silly audit   '@jridgewell/remapping': [ '2.3.5' ],
41 silly audit   '@jridgewell/resolve-uri': [ '3.1.2' ],
41 silly audit   '@jridgewell/sourcemap-codec': [ '1.5.5' ],
41 silly audit   '@jridgewell/trace-mapping': [ '0.3.31' ],
41 silly audit   '@napi-rs/wasm-runtime': [ '1.1.3' ],
41 silly audit   '@oxc-project/types': [ '0.124.0' ],
41 silly audit   '@rolldown/binding-android-arm64': [ '1.0.0-rc.15' ],
41 silly audit   '@rolldown/binding-darwin-arm64': [ '1.0.0-rc.15' ],
41 silly audit   '@rolldown/binding-darwin-x64': [ '1.0.0-rc.15' ],
41 silly audit   '@rolldown/binding-freebsd-x64': [ '1.0.0-rc.15' ],
41 silly audit   '@rolldown/binding-linux-arm-gnueabihf': [ '1.0.0-rc.15' ],
41 silly audit   '@rolldown/binding-linux-arm64-gnu': [ '1.0.0-rc.15' ],
41 silly audit   '@rolldown/binding-linux-arm64-musl': [ '1.0.0-rc.15' ],
41 silly audit   '@rolldown/binding-linux-ppc64-gnu': [ '1.0.0-rc.15' ],
41 silly audit   '@rolldown/binding-linux-s390x-gnu': [ '1.0.0-rc.15' ],
41 silly audit   '@rolldown/binding-linux-x64-gnu': [ '1.0.0-rc.15' ],
41 silly audit   '@rolldown/binding-linux-x64-musl': [ '1.0.0-rc.15' ],
41 silly audit   '@rolldown/binding-openharmony-arm64': [ '1.0.0-rc.15' ],
41 silly audit   '@rolldown/binding-wasm32-wasi': [ '1.0.0-rc.15' ],
41 silly audit   '@rolldown/binding-win32-arm64-msvc': [ '1.0.0-rc.15' ],
41 silly audit   '@rolldown/binding-win32-x64-msvc': [ '1.0.0-rc.15' ],
41 silly audit   '@rolldown/pluginutils': [ '1.0.0-rc.7', '1.0.0-rc.15' ],
41 silly audit   '@tybys/wasm-util': [ '0.10.1' ],
41 silly audit   '@types/estree': [ '1.0.8' ],
41 silly audit   '@types/json-schema': [ '7.0.15' ],
41 silly audit   '@types/react': [ '19.2.14' ],
41 silly audit   '@types/react-dom': [ '19.2.3' ],
41 silly audit   '@vitejs/plugin-react': [ '6.0.1' ],
41 silly audit   acorn: [ '8.16.0' ],
41 silly audit   'acorn-jsx': [ '5.3.2' ],
41 silly audit   ajv: [ '6.14.0' ],
41 silly audit   'ansi-styles': [ '4.3.0' ],
41 silly audit   argparse: [ '2.0.1' ],
41 silly audit   'balanced-match': [ '1.0.2' ],
41 silly audit   'baseline-browser-mapping': [ '2.10.19' ],
41 silly audit   'brace-expansion': [ '1.1.14' ],
41 silly audit   browserslist: [ '4.28.2' ],
41 silly audit   callsites: [ '3.1.0' ],
41 silly audit   'caniuse-lite': [ '1.0.30001788' ],
41 silly audit   chalk: [ '4.1.2' ],
41 silly audit   'color-convert': [ '2.0.1' ],
41 silly audit   'color-name': [ '1.1.4' ],
41 silly audit   'concat-map': [ '0.0.1' ],
41 silly audit   'convert-source-map': [ '2.0.0' ],
41 silly audit   'cross-spawn': [ '7.0.6' ],
41 silly audit   csstype: [ '3.2.3' ],
41 silly audit   debug: [ '4.4.3' ],
41 silly audit   'deep-is': [ '0.1.4' ],
41 silly audit   'detect-libc': [ '2.1.2' ],
41 silly audit   'electron-to-chromium': [ '1.5.336' ],
41 silly audit   escalade: [ '3.2.0' ],
41 silly audit   'escape-string-regexp': [ '4.0.0' ],
41 silly audit   eslint: [ '9.39.4' ],
41 silly audit   'eslint-plugin-react-hooks': [ '7.0.1' ],
41 silly audit   'eslint-plugin-react-refresh': [ '0.5.2' ],
41 silly audit   'eslint-scope': [ '8.4.0' ],
41 silly audit   espree: [ '10.4.0' ],
41 silly audit   esquery: [ '1.7.0' ],
41 silly audit   esrecurse: [ '4.3.0' ],
41 silly audit   estraverse: [ '5.3.0' ],
41 silly audit   esutils: [ '2.0.3' ],
41 silly audit   'fast-deep-equal': [ '3.1.3' ],
41 silly audit   'fast-json-stable-stringify': [ '2.1.0' ],
41 silly audit   'fast-levenshtein': [ '2.0.6' ],
41 silly audit   fdir: [ '6.5.0' ],
41 silly audit   'file-entry-cache': [ '8.0.0' ],
41 silly audit   'find-up': [ '5.0.0' ],
41 silly audit   'flat-cache': [ '4.0.1' ],
41 silly audit   flatted: [ '3.4.2' ],
41 silly audit   fsevents: [ '2.3.3' ],
41 silly audit   gensync: [ '1.0.0-beta.2' ],
41 silly audit   'glob-parent': [ '6.0.2' ],
41 silly audit   'has-flag': [ '4.0.0' ],
41 silly audit   'hermes-estree': [ '0.25.1' ],
41 silly audit   'hermes-parser': [ '0.25.1' ],
41 silly audit   ignore: [ '5.3.2' ],
41 silly audit   'import-fresh': [ '3.3.1' ],
41 silly audit   imurmurhash: [ '0.1.4' ],
41 silly audit   'is-extglob': [ '2.1.1' ],
41 silly audit   'is-glob': [ '4.0.3' ],
41 silly audit   isexe: [ '2.0.0' ],
41 silly audit   'js-tokens': [ '4.0.0' ],
41 silly audit   'js-yaml': [ '4.1.1' ],
41 silly audit   jsesc: [ '3.1.0' ],
41 silly audit   'json-buffer': [ '3.0.1' ],
41 silly audit   'json-schema-traverse': [ '0.4.1' ],
41 silly audit   'json-stable-stringify-without-jsonify': [ '1.0.1' ],
41 silly audit   json5: [ '2.2.3' ],
41 silly audit   keyv: [ '4.5.4' ],
41 silly audit   levn: [ '0.4.1' ],
41 silly audit   lightningcss: [ '1.32.0' ],
41 silly audit   'lightningcss-android-arm64': [ '1.32.0' ],
41 silly audit   'lightningcss-darwin-arm64': [ '1.32.0' ],
41 silly audit   'lightningcss-darwin-x64': [ '1.32.0' ],
41 silly audit   'lightningcss-freebsd-x64': [ '1.32.0' ],
41 silly audit   'lightningcss-linux-arm-gnueabihf': [ '1.32.0' ],
41 silly audit   'lightningcss-linux-arm64-gnu': [ '1.32.0' ],
41 silly audit   'lightningcss-linux-arm64-musl': [ '1.32.0' ],
41 silly audit   'lightningcss-linux-x64-gnu': [ '1.32.0' ],
41 silly audit   'lightningcss-linux-x64-musl': [ '1.32.0' ],
41 silly audit   'lightningcss-win32-arm64-msvc': [ '1.32.0' ],
41 silly audit   'lightningcss-win32-x64-msvc': [ '1.32.0' ],
41 silly audit   'locate-path': [ '6.0.0' ],
41 silly audit   'lodash.merge': [ '4.6.2' ],
41 silly audit   'lru-cache': [ '5.1.1' ],
41 silly audit   minimatch: [ '3.1.5' ],
41 silly audit   ms: [ '2.1.3' ],
41 silly audit   nanoid: [ '3.3.11' ],
41 silly audit   'natural-compare': [ '1.4.0' ],
41 silly audit   'node-releases': [ '2.0.37' ],
41 silly audit   optionator: [ '0.9.4' ],
41 silly audit   'p-limit': [ '3.1.0' ],
41 silly audit   'p-locate': [ '5.0.0' ],
41 silly audit   'parent-module': [ '1.0.1' ],
41 silly audit   'path-exists': [ '4.0.0' ],
41 silly audit   'path-key': [ '3.1.1' ],
41 silly audit   picocolors: [ '1.1.1' ],
41 silly audit   picomatch: [ '4.0.4' ],
41 silly audit   'prelude-ls': [ '1.2.1' ],
41 silly audit   punycode: [ '2.3.1' ],
41 silly audit   react: [ '19.2.5' ],
41 silly audit   'react-dom': [ '19.2.5' ],
41 silly audit   'resolve-from': [ '4.0.0' ],
41 silly audit   rolldown: [ '1.0.0-rc.15' ],
41 silly audit   scheduler: [ '0.27.0' ],
41 silly audit   semver: [ '6.3.1' ],
41 silly audit   'shebang-command': [ '2.0.0' ],
41 silly audit   'shebang-regex': [ '3.0.0' ],
41 silly audit   'source-map-js': [ '1.2.1' ],
41 silly audit   'strip-json-comments': [ '3.1.1' ],
41 silly audit   'supports-color': [ '7.2.0' ],
41 silly audit   tinyglobby: [ '0.2.16' ],
41 silly audit   tslib: [ '2.8.1' ],
41 silly audit   'type-check': [ '0.4.0' ],
41 silly audit   'update-browserslist-db': [ '1.2.3' ],
41 silly audit   'uri-js': [ '4.4.1' ],
41 silly audit   vite: [ '8.0.8' ],
41 silly audit   which: [ '2.0.2' ],
41 silly audit   'word-wrap': [ '1.2.5' ],
41 silly audit   yallist: [ '3.1.1' ],
41 silly audit   'yocto-queue': [ '0.1.0' ],
41 silly audit   zod: [ '4.3.6' ],
41 silly audit   'zod-validation-error': [ '4.0.2' ],
41 silly audit   autoprefixer: [ '10.5.0' ],
41 silly audit   postcss: [ '8.5.9' ],
41 silly audit   tailwindcss: [ '4.2.2' ],
41 silly audit   'fraction.js': [ '5.3.4' ],
41 silly audit   'postcss-value-parser': [ '4.2.0' ]
41 silly audit }
42 http cache postcss-value-parser@https://registry.npmjs.org/postcss-value-parser/-/postcss-value-parser-4.2.0.tgz 0ms (cache hit)
43 http cache fraction.js@https://registry.npmjs.org/fraction.js/-/fraction.js-5.3.4.tgz 0ms (cache hit)
44 http cache tailwindcss@https://registry.npmjs.org/tailwindcss/-/tailwindcss-4.2.2.tgz 0ms (cache hit)
45 http cache autoprefixer@https://registry.npmjs.org/autoprefixer/-/autoprefixer-10.5.0.tgz 0ms (cache hit)
46 silly tarball no local data for postcss-value-parser@https://registry.npmjs.org/postcss-value-parser/-/postcss-value-parser-4.2.0.tgz. Extracting by manifest.
47 silly tarball no local data for fraction.js@https://registry.npmjs.org/fraction.js/-/fraction.js-5.3.4.tgz. Extracting by manifest.
48 silly tarball no local data for tailwindcss@https://registry.npmjs.org/tailwindcss/-/tailwindcss-4.2.2.tgz. Extracting by manifest.
49 silly tarball no local data for autoprefixer@https://registry.npmjs.org/autoprefixer/-/autoprefixer-10.5.0.tgz. Extracting by manifest.
50 http fetch GET 200 https://registry.npmjs.org/postcss-value-parser/-/postcss-value-parser-4.2.0.tgz 55ms (cache miss)
51 http fetch GET 200 https://registry.npmjs.org/fraction.js/-/fraction.js-5.3.4.tgz 124ms (cache miss)
52 http fetch POST 200 https://registry.npmjs.org/-/npm/v1/security/advisories/bulk 137ms
53 silly audit report {}
54 http fetch GET 200 https://registry.npmjs.org/autoprefixer/-/autoprefixer-10.5.0.tgz 151ms (cache miss)
55 http fetch GET 200 https://registry.npmjs.org/tailwindcss/-/tailwindcss-4.2.2.tgz 152ms (cache miss)
56 silly ADD node_modules/postcss-value-parser
57 silly ADD node_modules/fraction.js
58 silly ADD node_modules/tailwindcss
59 silly ADD node_modules/autoprefixer
60 verbose cwd /Users/franivan/Documents/ProyectosWeb/HotelTriz/client
61 verbose os Darwin 24.6.0
62 verbose node v22.13.1
63 verbose npm  v11.4.2
64 verbose exit 0
65 info ok
