0 verbose cli /usr/local/bin/node /usr/local/bin/npm
1 info using npm@11.4.2
2 info using node@v22.13.1
3 silly config load:file:/usr/local/lib/node_modules/npm/npmrc
4 silly config load:file:/Users/franivan/Documents/ProyectosWeb/HotelTriz/client/.npmrc
5 silly config load:file:/Users/franivan/.npmrc
6 verbose config error loading user config Error: EPERM: operation not permitted, open '/Users/franivan/.npmrc'
6 verbose config     at async open (node:internal/fs/promises:638:25)
6 verbose config     at async readFile (node:internal/fs/promises:1242:14)
6 verbose config     at async #loadFile (/usr/local/lib/node_modules/npm/node_modules/@npmcli/config/lib/index.js:635:5)
6 verbose config     at async Config.load (/usr/local/lib/node_modules/npm/node_modules/@npmcli/config/lib/index.js:259:5)
6 verbose config     at async #load (/usr/local/lib/node_modules/npm/lib/npm.js:99:5)
6 verbose config     at async Npm.load (/usr/local/lib/node_modules/npm/lib/npm.js:81:14)
6 verbose config     at async module.exports (/usr/local/lib/node_modules/npm/lib/cli/entry.js:35:37) {
6 verbose config   errno: -1,
6 verbose config   code: 'EPERM',
6 verbose config   syscall: 'open',
6 verbose config   path: '/Users/franivan/.npmrc'
6 verbose config }
7 silly config load:file:/usr/local/etc/npmrc
8 verbose title npm install @tailwindcss/vite
9 verbose argv "install" "--save-dev" "@tailwindcss/vite" "--cache" "../.npm_cache"
10 verbose logfile logs-max:10 dir:/Users/franivan/Documents/ProyectosWeb/HotelTriz/.npm_cache/_logs/2026-04-15T10_29_35_949Z-
11 verbose logfile /Users/franivan/Documents/ProyectosWeb/HotelTriz/.npm_cache/_logs/2026-04-15T10_29_35_949Z-debug-0.log
12 silly logfile done cleaning log files
13 silly packumentCache heap:4345298944 maxSize:1086324736 maxEntrySize:543162368
14 silly idealTree buildDeps
15 silly fetch manifest @tailwindcss/vite@*
16 silly packumentCache full:https://registry.npmjs.org/@tailwindcss%2fvite cache-miss
17 http fetch GET 200 https://registry.npmjs.org/@tailwindcss%2fvite 291ms (cache miss)
18 silly packumentCache full:https://registry.npmjs.org/@tailwindcss%2fvite set size:undefined disposed:false
19 silly fetch manifest vite@^8.0.4
20 silly packumentCache full:https://registry.npmjs.org/vite cache-miss
21 http cache https://registry.npmjs.org/vite 71ms (cache hit)
22 silly packumentCache full:https://registry.npmjs.org/vite set size:38805901 disposed:false
23 silly fetch manifest @types/node@^20.19.0 || >=22.12.0
24 silly packumentCache full:https://registry.npmjs.org/@types%2fnode cache-miss
25 http cache https://registry.npmjs.org/@types%2fnode 21ms (cache hit)
26 silly packumentCache full:https://registry.npmjs.org/@types%2fnode set size:10972342 disposed:false
27 silly fetch manifest @vitejs/devtools@^0.1.0
28 silly packumentCache full:https://registry.npmjs.org/@vitejs%2fdevtools cache-miss
29 http cache https://registry.npmjs.org/@vitejs%2fdevtools 3ms (cache hit)
30 silly packumentCache full:https://registry.npmjs.org/@vitejs%2fdevtools set size:166185 disposed:false
31 silly fetch manifest esbuild@^0.27.0 || ^0.28.0
32 silly packumentCache full:https://registry.npmjs.org/esbuild cache-miss
33 http cache https://registry.npmjs.org/esbuild 4ms (cache hit)
34 silly packumentCache full:https://registry.npmjs.org/esbuild set size:1254708 disposed:false
35 silly fetch manifest jiti@>=1.21.0
36 silly packumentCache full:https://registry.npmjs.org/jiti cache-miss
37 http cache https://registry.npmjs.org/jiti 2ms (cache hit)
38 silly packumentCache full:https://registry.npmjs.org/jiti set size:382310 disposed:false
39 silly fetch manifest less@^4.0.0
40 silly packumentCache full:https://registry.npmjs.org/less cache-miss
41 http cache https://registry.npmjs.org/less 2ms (cache hit)
42 silly packumentCache full:https://registry.npmjs.org/less set size:461684 disposed:false
43 silly fetch manifest sass@^1.70.0
44 silly packumentCache full:https://registry.npmjs.org/sass cache-miss
45 http cache https://registry.npmjs.org/sass 3ms (cache hit)
46 silly packumentCache full:https://registry.npmjs.org/sass set size:726244 disposed:false
47 silly fetch manifest sass-embedded@^1.70.0
48 silly packumentCache full:https://registry.npmjs.org/sass-embedded cache-miss
49 http cache https://registry.npmjs.org/sass-embedded 4ms (cache hit)
50 silly packumentCache full:https://registry.npmjs.org/sass-embedded set size:415594 disposed:false
51 silly fetch manifest stylus@>=0.54.8
52 silly packumentCache full:https://registry.npmjs.org/stylus cache-miss
53 http cache https://registry.npmjs.org/stylus 2ms (cache hit)
54 silly packumentCache full:https://registry.npmjs.org/stylus set size:286766 disposed:false
55 silly fetch manifest sugarss@^5.0.0
56 silly packumentCache full:https://registry.npmjs.org/sugarss cache-miss
57 http cache https://registry.npmjs.org/sugarss 2ms (cache hit)
58 silly packumentCache full:https://registry.npmjs.org/sugarss set size:44975 disposed:false
59 silly fetch manifest postcss@^8.5.9
60 silly packumentCache full:https://registry.npmjs.org/postcss cache-miss
61 http cache https://registry.npmjs.org/postcss 2ms (cache hit)
62 silly packumentCache full:https://registry.npmjs.org/postcss set size:705229 disposed:false
63 silly fetch manifest terser@^5.16.0
64 silly packumentCache full:https://registry.npmjs.org/terser cache-miss
65 http cache https://registry.npmjs.org/terser 3ms (cache hit)
66 silly packumentCache full:https://registry.npmjs.org/terser set size:789927 disposed:false
67 silly fetch manifest tsx@^4.8.1
68 silly packumentCache full:https://registry.npmjs.org/tsx cache-miss
69 http cache https://registry.npmjs.org/tsx 4ms (cache hit)
70 silly packumentCache full:https://registry.npmjs.org/tsx set size:289592 disposed:false
71 silly fetch manifest yaml@^2.4.2
72 silly packumentCache full:https://registry.npmjs.org/yaml cache-miss
73 http cache https://registry.npmjs.org/yaml 2ms (cache hit)
74 silly packumentCache full:https://registry.npmjs.org/yaml set size:375230 disposed:false
75 silly placeDep ROOT @tailwindcss/vite@4.2.2 OK for: client@0.0.0 want: *
76 silly fetch manifest @tailwindcss/node@4.2.2
77 silly packumentCache full:https://registry.npmjs.org/@tailwindcss%2fnode cache-miss
78 silly fetch manifest @tailwindcss/oxide@4.2.2
79 silly packumentCache full:https://registry.npmjs.org/@tailwindcss%2foxide cache-miss
80 http fetch GET 200 https://registry.npmjs.org/@tailwindcss%2fnode 71ms (cache miss)
81 silly packumentCache full:https://registry.npmjs.org/@tailwindcss%2fnode set size:undefined disposed:false
82 http fetch GET 200 https://registry.npmjs.org/@tailwindcss%2foxide 203ms (cache miss)
83 silly packumentCache full:https://registry.npmjs.org/@tailwindcss%2foxide set size:undefined disposed:false
84 silly placeDep ROOT @tailwindcss/node@4.2.2 OK for: @tailwindcss/vite@4.2.2 want: 4.2.2
85 silly placeDep ROOT @tailwindcss/oxide@4.2.2 OK for: @tailwindcss/vite@4.2.2 want: 4.2.2
86 silly fetch manifest jiti@^2.6.1
87 silly packumentCache full:https://registry.npmjs.org/jiti cache-hit
88 silly fetch manifest magic-string@^0.30.21
89 silly packumentCache full:https://registry.npmjs.org/magic-string cache-miss
90 silly fetch manifest enhanced-resolve@^5.19.0
91 silly packumentCache full:https://registry.npmjs.org/enhanced-resolve cache-miss
92 silly fetch manifest @tailwindcss/oxide-darwin-x64@4.2.2
93 silly packumentCache full:https://registry.npmjs.org/@tailwindcss%2foxide-darwin-x64 cache-miss
94 silly fetch manifest @tailwindcss/oxide-freebsd-x64@4.2.2
95 silly packumentCache full:https://registry.npmjs.org/@tailwindcss%2foxide-freebsd-x64 cache-miss
96 silly fetch manifest @tailwindcss/oxide-wasm32-wasi@4.2.2
97 silly packumentCache full:https://registry.npmjs.org/@tailwindcss%2foxide-wasm32-wasi cache-miss
98 silly fetch manifest @tailwindcss/oxide-darwin-arm64@4.2.2
99 silly packumentCache full:https://registry.npmjs.org/@tailwindcss%2foxide-darwin-arm64 cache-miss
100 silly fetch manifest @tailwindcss/oxide-android-arm64@4.2.2
101 silly packumentCache full:https://registry.npmjs.org/@tailwindcss%2foxide-android-arm64 cache-miss
102 http fetch GET 200 https://registry.npmjs.org/magic-string 45ms (cache miss)
103 silly packumentCache full:https://registry.npmjs.org/magic-string set size:undefined disposed:false
104 silly fetch manifest @tailwindcss/oxide-linux-x64-gnu@4.2.2
105 silly packumentCache full:https://registry.npmjs.org/@tailwindcss%2foxide-linux-x64-gnu cache-miss
106 http fetch GET 200 https://registry.npmjs.org/enhanced-resolve 50ms (cache miss)
107 silly packumentCache full:https://registry.npmjs.org/enhanced-resolve set size:undefined disposed:false
108 silly fetch manifest @tailwindcss/oxide-linux-x64-musl@4.2.2
109 silly packumentCache full:https://registry.npmjs.org/@tailwindcss%2foxide-linux-x64-musl cache-miss
110 http fetch GET 200 https://registry.npmjs.org/@tailwindcss%2foxide-linux-x64-gnu 102ms (cache miss)
111 silly packumentCache full:https://registry.npmjs.org/@tailwindcss%2foxide-linux-x64-gnu set size:undefined disposed:false
112 silly fetch manifest @tailwindcss/oxide-win32-x64-msvc@4.2.2
113 silly packumentCache full:https://registry.npmjs.org/@tailwindcss%2foxide-win32-x64-msvc cache-miss
114 http fetch GET 200 https://registry.npmjs.org/@tailwindcss%2foxide-linux-x64-musl 130ms (cache miss)
115 silly packumentCache full:https://registry.npmjs.org/@tailwindcss%2foxide-linux-x64-musl set size:undefined disposed:false
116 silly fetch manifest @tailwindcss/oxide-linux-arm64-gnu@4.2.2
117 silly packumentCache full:https://registry.npmjs.org/@tailwindcss%2foxide-linux-arm64-gnu cache-miss
118 http fetch GET 200 https://registry.npmjs.org/@tailwindcss%2foxide-wasm32-wasi 250ms (cache miss)
119 silly packumentCache full:https://registry.npmjs.org/@tailwindcss%2foxide-wasm32-wasi set size:undefined disposed:false
120 silly fetch manifest @tailwindcss/oxide-linux-arm64-musl@4.2.2
121 silly packumentCache full:https://registry.npmjs.org/@tailwindcss%2foxide-linux-arm64-musl cache-miss
122 http fetch GET 200 https://registry.npmjs.org/@tailwindcss%2foxide-linux-arm64-gnu 152ms (cache miss)
123 silly packumentCache full:https://registry.npmjs.org/@tailwindcss%2foxide-linux-arm64-gnu set size:undefined disposed:false
124 silly fetch manifest @tailwindcss/oxide-win32-arm64-msvc@4.2.2
125 silly packumentCache full:https://registry.npmjs.org/@tailwindcss%2foxide-win32-arm64-msvc cache-miss
126 http fetch GET 200 https://registry.npmjs.org/@tailwindcss%2foxide-android-arm64 361ms (cache miss)
127 silly packumentCache full:https://registry.npmjs.org/@tailwindcss%2foxide-android-arm64 set size:undefined disposed:false
128 silly fetch manifest @tailwindcss/oxide-linux-arm-gnueabihf@4.2.2
129 silly packumentCache full:https://registry.npmjs.org/@tailwindcss%2foxide-linux-arm-gnueabihf cache-miss
130 http fetch GET 200 https://registry.npmjs.org/@tailwindcss%2foxide-win32-x64-msvc 215ms (cache miss)
131 silly packumentCache full:https://registry.npmjs.org/@tailwindcss%2foxide-win32-x64-msvc set size:undefined disposed:false
132 http fetch GET 200 https://registry.npmjs.org/@tailwindcss%2foxide-darwin-arm64 416ms (cache miss)
133 silly packumentCache full:https://registry.npmjs.org/@tailwindcss%2foxide-darwin-arm64 set size:undefined disposed:false
134 http fetch GET 200 https://registry.npmjs.org/@tailwindcss%2foxide-win32-arm64-msvc 78ms (cache miss)
135 silly packumentCache full:https://registry.npmjs.org/@tailwindcss%2foxide-win32-arm64-msvc set size:undefined disposed:false
136 http fetch GET 200 https://registry.npmjs.org/@tailwindcss%2foxide-freebsd-x64 445ms (cache miss)
137 silly packumentCache full:https://registry.npmjs.org/@tailwindcss%2foxide-freebsd-x64 set size:undefined disposed:false
138 http fetch GET 200 https://registry.npmjs.org/@tailwindcss%2foxide-darwin-x64 458ms (cache miss)
139 silly packumentCache full:https://registry.npmjs.org/@tailwindcss%2foxide-darwin-x64 set size:undefined disposed:false
140 http fetch GET 200 https://registry.npmjs.org/@tailwindcss%2foxide-linux-arm64-musl 232ms (cache miss)
141 silly packumentCache full:https://registry.npmjs.org/@tailwindcss%2foxide-linux-arm64-musl set size:undefined disposed:false
142 http fetch GET 200 https://registry.npmjs.org/@tailwindcss%2foxide-linux-arm-gnueabihf 161ms (cache miss)
143 silly packumentCache full:https://registry.npmjs.org/@tailwindcss%2foxide-linux-arm-gnueabihf set size:undefined disposed:false
144 silly placeDep ROOT enhanced-resolve@5.20.1 OK for: @tailwindcss/node@4.2.2 want: ^5.19.0
145 silly placeDep ROOT jiti@2.6.1 OK for: @tailwindcss/node@4.2.2 want: ^2.6.1
146 silly placeDep ROOT magic-string@0.30.21 OK for: @tailwindcss/node@4.2.2 want: ^0.30.21
147 silly fetch manifest graceful-fs@^4.2.4
148 silly packumentCache full:https://registry.npmjs.org/graceful-fs cache-miss
149 silly fetch manifest tapable@^2.3.0
150 silly packumentCache full:https://registry.npmjs.org/tapable cache-miss
151 http fetch GET 200 https://registry.npmjs.org/graceful-fs 39ms (cache miss)
152 silly packumentCache full:https://registry.npmjs.org/graceful-fs set size:undefined disposed:false
153 http fetch GET 200 https://registry.npmjs.org/tapable 46ms (cache miss)
154 silly packumentCache full:https://registry.npmjs.org/tapable set size:undefined disposed:false
155 silly placeDep ROOT @tailwindcss/oxide-android-arm64@4.2.2 OK for: @tailwindcss/oxide@4.2.2 want: 4.2.2
156 silly placeDep ROOT @tailwindcss/oxide-darwin-arm64@4.2.2 OK for: @tailwindcss/oxide@4.2.2 want: 4.2.2
157 silly placeDep ROOT @tailwindcss/oxide-darwin-x64@4.2.2 OK for: @tailwindcss/oxide@4.2.2 want: 4.2.2
158 silly placeDep ROOT @tailwindcss/oxide-freebsd-x64@4.2.2 OK for: @tailwindcss/oxide@4.2.2 want: 4.2.2
159 silly placeDep ROOT @tailwindcss/oxide-linux-arm-gnueabihf@4.2.2 OK for: @tailwindcss/oxide@4.2.2 want: 4.2.2
160 silly placeDep ROOT @tailwindcss/oxide-linux-arm64-gnu@4.2.2 OK for: @tailwindcss/oxide@4.2.2 want: 4.2.2
161 silly placeDep ROOT @tailwindcss/oxide-linux-arm64-musl@4.2.2 OK for: @tailwindcss/oxide@4.2.2 want: 4.2.2
162 silly placeDep ROOT @tailwindcss/oxide-linux-x64-gnu@4.2.2 OK for: @tailwindcss/oxide@4.2.2 want: 4.2.2
163 silly placeDep ROOT @tailwindcss/oxide-linux-x64-musl@4.2.2 OK for: @tailwindcss/oxide@4.2.2 want: 4.2.2
164 silly placeDep ROOT @tailwindcss/oxide-wasm32-wasi@4.2.2 OK for: @tailwindcss/oxide@4.2.2 want: 4.2.2
165 silly placeDep ROOT @tailwindcss/oxide-win32-arm64-msvc@4.2.2 OK for: @tailwindcss/oxide@4.2.2 want: 4.2.2
166 silly placeDep ROOT @tailwindcss/oxide-win32-x64-msvc@4.2.2 OK for: @tailwindcss/oxide@4.2.2 want: 4.2.2
167 silly placeDep ROOT graceful-fs@4.2.11 OK for: enhanced-resolve@5.20.1 want: ^4.2.4
168 silly placeDep ROOT tapable@2.3.2 OK for: enhanced-resolve@5.20.1 want: ^2.3.0
169 silly reify moves {}
170 verbose reify failed optional dependency /Users/franivan/Documents/ProyectosWeb/HotelTriz/client/node_modules/@tailwindcss/oxide-wasm32-wasi
171 silly reify mark deleted [
171 silly reify   '/Users/franivan/Documents/ProyectosWeb/HotelTriz/client/node_modules/@tailwindcss/oxide-wasm32-wasi'
171 silly reify ]
172 silly audit bulk request {
172 silly audit   '@babel/code-frame': [ '7.29.0' ],
172 silly audit   '@babel/compat-data': [ '7.29.0' ],
172 silly audit   '@babel/core': [ '7.29.0' ],
172 silly audit   '@babel/generator': [ '7.29.1' ],
172 silly audit   '@babel/helper-compilation-targets': [ '7.28.6' ],
172 silly audit   '@babel/helper-globals': [ '7.28.0' ],
172 silly audit   '@babel/helper-module-imports': [ '7.28.6' ],
172 silly audit   '@babel/helper-module-transforms': [ '7.28.6' ],
172 silly audit   '@babel/helper-string-parser': [ '7.27.1' ],
172 silly audit   '@babel/helper-validator-identifier': [ '7.28.5' ],
172 silly audit   '@babel/helper-validator-option': [ '7.27.1' ],
172 silly audit   '@babel/helpers': [ '7.29.2' ],
172 silly audit   '@babel/parser': [ '7.29.2' ],
172 silly audit   '@babel/template': [ '7.28.6' ],
172 silly audit   '@babel/traverse': [ '7.29.0' ],
172 silly audit   '@babel/types': [ '7.29.0' ],
172 silly audit   '@emnapi/core': [ '1.9.2' ],
172 silly audit   '@emnapi/runtime': [ '1.9.2' ],
172 silly audit   '@emnapi/wasi-threads': [ '1.2.1' ],
172 silly audit   '@eslint-community/eslint-utils': [ '4.9.1' ],
172 silly audit   'eslint-visitor-keys': [ '3.4.3', '4.2.1' ],
172 silly audit   '@eslint-community/regexpp': [ '4.12.2' ],
172 silly audit   '@eslint/config-array': [ '0.21.2' ],
172 silly audit   '@eslint/config-helpers': [ '0.4.2' ],
172 silly audit   '@eslint/core': [ '0.17.0' ],
172 silly audit   '@eslint/eslintrc': [ '3.3.5' ],
172 silly audit   globals: [ '14.0.0', '17.5.0' ],
172 silly audit   '@eslint/js': [ '9.39.4' ],
172 silly audit   '@eslint/object-schema': [ '2.1.7' ],
172 silly audit   '@eslint/plugin-kit': [ '0.4.1' ],
172 silly audit   '@humanfs/core': [ '0.19.1' ],
172 silly audit   '@humanfs/node': [ '0.16.7' ],
172 silly audit   '@humanwhocodes/module-importer': [ '1.0.1' ],
172 silly audit   '@humanwhocodes/retry': [ '0.4.3' ],
172 silly audit   '@jridgewell/gen-mapping': [ '0.3.13' ],
172 silly audit   '@jridgewell/remapping': [ '2.3.5' ],
172 silly audit   '@jridgewell/resolve-uri': [ '3.1.2' ],
172 silly audit   '@jridgewell/sourcemap-codec': [ '1.5.5' ],
172 silly audit   '@jridgewell/trace-mapping': [ '0.3.31' ],
172 silly audit   '@napi-rs/wasm-runtime': [ '1.1.3' ],
172 silly audit   '@oxc-project/types': [ '0.124.0' ],
172 silly audit   '@rolldown/binding-android-arm64': [ '1.0.0-rc.15' ],
172 silly audit   '@rolldown/binding-darwin-arm64': [ '1.0.0-rc.15' ],
172 silly audit   '@rolldown/binding-darwin-x64': [ '1.0.0-rc.15' ],
172 silly audit   '@rolldown/binding-freebsd-x64': [ '1.0.0-rc.15' ],
172 silly audit   '@rolldown/binding-linux-arm-gnueabihf': [ '1.0.0-rc.15' ],
172 silly audit   '@rolldown/binding-linux-arm64-gnu': [ '1.0.0-rc.15' ],
172 silly audit   '@rolldown/binding-linux-arm64-musl': [ '1.0.0-rc.15' ],
172 silly audit   '@rolldown/binding-linux-ppc64-gnu': [ '1.0.0-rc.15' ],
172 silly audit   '@rolldown/binding-linux-s390x-gnu': [ '1.0.0-rc.15' ],
172 silly audit   '@rolldown/binding-linux-x64-gnu': [ '1.0.0-rc.15' ],
172 silly audit   '@rolldown/binding-linux-x64-musl': [ '1.0.0-rc.15' ],
172 silly audit   '@rolldown/binding-openharmony-arm64': [ '1.0.0-rc.15' ],
172 silly audit   '@rolldown/binding-wasm32-wasi': [ '1.0.0-rc.15' ],
172 silly audit   '@rolldown/binding-win32-arm64-msvc': [ '1.0.0-rc.15' ],
172 silly audit   '@rolldown/binding-win32-x64-msvc': [ '1.0.0-rc.15' ],
172 silly audit   '@rolldown/pluginutils': [ '1.0.0-rc.7', '1.0.0-rc.15' ],
172 silly audit   '@tybys/wasm-util': [ '0.10.1' ],
172 silly audit   '@types/estree': [ '1.0.8' ],
172 silly audit   '@types/json-schema': [ '7.0.15' ],
172 silly audit   '@types/react': [ '19.2.14' ],
172 silly audit   '@types/react-dom': [ '19.2.3' ],
172 silly audit   '@vitejs/plugin-react': [ '6.0.1' ],
172 silly audit   acorn: [ '8.16.0' ],
172 silly audit   'acorn-jsx': [ '5.3.2' ],
172 silly audit   ajv: [ '6.14.0' ],
172 silly audit   'ansi-styles': [ '4.3.0' ],
172 silly audit   argparse: [ '2.0.1' ],
172 silly audit   autoprefixer: [ '10.5.0' ],
172 silly audit   'balanced-match': [ '1.0.2' ],
172 silly audit   'baseline-browser-mapping': [ '2.10.19' ],
172 silly audit   'brace-expansion': [ '1.1.14' ],
172 silly audit   browserslist: [ '4.28.2' ],
172 silly audit   callsites: [ '3.1.0' ],
172 silly audit   'caniuse-lite': [ '1.0.30001788' ],
172 silly audit   chalk: [ '4.1.2' ],
172 silly audit   'color-convert': [ '2.0.1' ],
172 silly audit   'color-name': [ '1.1.4' ],
172 silly audit   'concat-map': [ '0.0.1' ],
172 silly audit   'convert-source-map': [ '2.0.0' ],
172 silly audit   'cross-spawn': [ '7.0.6' ],
172 silly audit   csstype: [ '3.2.3' ],
172 silly audit   debug: [ '4.4.3' ],
172 silly audit   'deep-is': [ '0.1.4' ],
172 silly audit   'detect-libc': [ '2.1.2' ],
172 silly audit   'electron-to-chromium': [ '1.5.336' ],
172 silly audit   escalade: [ '3.2.0' ],
172 silly audit   'escape-string-regexp': [ '4.0.0' ],
172 silly audit   eslint: [ '9.39.4' ],
172 silly audit   'eslint-plugin-react-hooks': [ '7.0.1' ],
172 silly audit   'eslint-plugin-react-refresh': [ '0.5.2' ],
172 silly audit   'eslint-scope': [ '8.4.0' ],
172 silly audit   espree: [ '10.4.0' ],
172 silly audit   esquery: [ '1.7.0' ],
172 silly audit   esrecurse: [ '4.3.0' ],
172 silly audit   estraverse: [ '5.3.0' ],
172 silly audit   esutils: [ '2.0.3' ],
172 silly audit   'fast-deep-equal': [ '3.1.3' ],
172 silly audit   'fast-json-stable-stringify': [ '2.1.0' ],
172 silly audit   'fast-levenshtein': [ '2.0.6' ],
172 silly audit   fdir: [ '6.5.0' ],
172 silly audit   'file-entry-cache': [ '8.0.0' ],
172 silly audit   'find-up': [ '5.0.0' ],
172 silly audit   'flat-cache': [ '4.0.1' ],
172 silly audit   flatted: [ '3.4.2' ],
172 silly audit   'fraction.js': [ '5.3.4' ],
172 silly audit   fsevents: [ '2.3.3' ],
172 silly audit   gensync: [ '1.0.0-beta.2' ],
172 silly audit   'glob-parent': [ '6.0.2' ],
172 silly audit   'has-flag': [ '4.0.0' ],
172 silly audit   'hermes-estree': [ '0.25.1' ],
172 silly audit   'hermes-parser': [ '0.25.1' ],
172 silly audit   ignore: [ '5.3.2' ],
172 silly audit   'import-fresh': [ '3.3.1' ],
172 silly audit   imurmurhash: [ '0.1.4' ],
172 silly audit   'is-extglob': [ '2.1.1' ],
172 silly audit   'is-glob': [ '4.0.3' ],
172 silly audit   isexe: [ '2.0.0' ],
172 silly audit   'js-tokens': [ '4.0.0' ],
172 silly audit   'js-yaml': [ '4.1.1' ],
172 silly audit   jsesc: [ '3.1.0' ],
172 silly audit   'json-buffer': [ '3.0.1' ],
172 silly audit   'json-schema-traverse': [ '0.4.1' ],
172 silly audit   'json-stable-stringify-without-jsonify': [ '1.0.1' ],
172 silly audit   json5: [ '2.2.3' ],
172 silly audit   keyv: [ '4.5.4' ],
172 silly audit   levn: [ '0.4.1' ],
172 silly audit   lightningcss: [ '1.32.0' ],
172 silly audit   'lightningcss-android-arm64': [ '1.32.0' ],
172 silly audit   'lightningcss-darwin-arm64': [ '1.32.0' ],
172 silly audit   'lightningcss-darwin-x64': [ '1.32.0' ],
172 silly audit   'lightningcss-freebsd-x64': [ '1.32.0' ],
172 silly audit   'lightningcss-linux-arm-gnueabihf': [ '1.32.0' ],
172 silly audit   'lightningcss-linux-arm64-gnu': [ '1.32.0' ],
172 silly audit   'lightningcss-linux-arm64-musl': [ '1.32.0' ],
172 silly audit   'lightningcss-linux-x64-gnu': [ '1.32.0' ],
172 silly audit   'lightningcss-linux-x64-musl': [ '1.32.0' ],
172 silly audit   'lightningcss-win32-arm64-msvc': [ '1.32.0' ],
172 silly audit   'lightningcss-win32-x64-msvc': [ '1.32.0' ],
172 silly audit   'locate-path': [ '6.0.0' ],
172 silly audit   'lodash.merge': [ '4.6.2' ],
172 silly audit   'lru-cache': [ '5.1.1' ],
172 silly audit   minimatch: [ '3.1.5' ],
172 silly audit   ms: [ '2.1.3' ],
172 silly audit   nanoid: [ '3.3.11' ],
172 silly audit   'natural-compare': [ '1.4.0' ],
172 silly audit   'node-releases': [ '2.0.37' ],
172 silly audit   optionator: [ '0.9.4' ],
172 silly audit   'p-limit': [ '3.1.0' ],
172 silly audit   'p-locate': [ '5.0.0' ],
172 silly audit   'parent-module': [ '1.0.1' ],
172 silly audit   'path-exists': [ '4.0.0' ],
172 silly audit   'path-key': [ '3.1.1' ],
172 silly audit   picocolors: [ '1.1.1' ],
172 silly audit   picomatch: [ '4.0.4' ],
172 silly audit   postcss: [ '8.5.9' ],
172 silly audit   'postcss-value-parser': [ '4.2.0' ],
172 silly audit   'prelude-ls': [ '1.2.1' ],
172 silly audit   punycode: [ '2.3.1' ],
172 silly audit   react: [ '19.2.5' ],
172 silly audit   'react-dom': [ '19.2.5' ],
172 silly audit   'resolve-from': [ '4.0.0' ],
172 silly audit   rolldown: [ '1.0.0-rc.15' ],
172 silly audit   scheduler: [ '0.27.0' ],
172 silly audit   semver: [ '6.3.1' ],
172 silly audit   'shebang-command': [ '2.0.0' ],
172 silly audit   'shebang-regex': [ '3.0.0' ],
172 silly audit   'source-map-js': [ '1.2.1' ],
172 silly audit   'strip-json-comments': [ '3.1.1' ],
172 silly audit   'supports-color': [ '7.2.0' ],
172 silly audit   tailwindcss: [ '4.2.2' ],
172 silly audit   tinyglobby: [ '0.2.16' ],
172 silly audit   tslib: [ '2.8.1' ],
172 silly audit   'type-check': [ '0.4.0' ],
172 silly audit   'update-browserslist-db': [ '1.2.3' ],
172 silly audit   'uri-js': [ '4.4.1' ],
172 silly audit   vite: [ '8.0.8' ],
172 silly audit   which: [ '2.0.2' ],
172 silly audit   'word-wrap': [ '1.2.5' ],
172 silly audit   yallist: [ '3.1.1' ],
172 silly audit   'yocto-queue': [ '0.1.0' ],
172 silly audit   zod: [ '4.3.6' ],
172 silly audit   'zod-validation-error': [ '4.0.2' ],
172 silly audit   '@tailwindcss/vite': [ '4.2.2' ],
172 silly audit   '@tailwindcss/node': [ '4.2.2' ],
172 silly audit   '@tailwindcss/oxide': [ '4.2.2' ],
172 silly audit   'enhanced-resolve': [ '5.20.1' ],
172 silly audit   jiti: [ '2.6.1' ],
172 silly audit   'magic-string': [ '0.30.21' ],
172 silly audit   '@tailwindcss/oxide-android-arm64': [ '4.2.2' ],
172 silly audit   '@tailwindcss/oxide-darwin-arm64': [ '4.2.2' ],
172 silly audit   '@tailwindcss/oxide-darwin-x64': [ '4.2.2' ],
172 silly audit   '@tailwindcss/oxide-freebsd-x64': [ '4.2.2' ],
172 silly audit   '@tailwindcss/oxide-linux-arm-gnueabihf': [ '4.2.2' ],
172 silly audit   '@tailwindcss/oxide-linux-arm64-gnu': [ '4.2.2' ],
172 silly audit   '@tailwindcss/oxide-linux-arm64-musl': [ '4.2.2' ],
172 silly audit   '@tailwindcss/oxide-linux-x64-gnu': [ '4.2.2' ],
172 silly audit   '@tailwindcss/oxide-linux-x64-musl': [ '4.2.2' ],
172 silly audit   '@tailwindcss/oxide-win32-arm64-msvc': [ '4.2.2' ],
172 silly audit   '@tailwindcss/oxide-win32-x64-msvc': [ '4.2.2' ],
172 silly audit   'graceful-fs': [ '4.2.11' ],
172 silly audit   tapable: [ '2.3.2' ],
172 silly audit   '@tailwindcss/oxide-wasm32-wasi': [ '4.2.2' ]
172 silly audit }
173 verbose reify failed optional dependency /Users/franivan/Documents/ProyectosWeb/HotelTriz/client/node_modules/@tailwindcss/oxide-win32-x64-msvc
174 silly reify mark deleted [
174 silly reify   '/Users/franivan/Documents/ProyectosWeb/HotelTriz/client/node_modules/@tailwindcss/oxide-win32-x64-msvc'
174 silly reify ]
175 verbose reify failed optional dependency /Users/franivan/Documents/ProyectosWeb/HotelTriz/client/node_modules/@tailwindcss/oxide-win32-arm64-msvc
176 silly reify mark deleted [
176 silly reify   '/Users/franivan/Documents/ProyectosWeb/HotelTriz/client/node_modules/@tailwindcss/oxide-win32-arm64-msvc'
176 silly reify ]
177 verbose reify failed optional dependency /Users/franivan/Documents/ProyectosWeb/HotelTriz/client/node_modules/@tailwindcss/oxide-linux-x64-musl
178 silly reify mark deleted [
178 silly reify   '/Users/franivan/Documents/ProyectosWeb/HotelTriz/client/node_modules/@tailwindcss/oxide-linux-x64-musl'
178 silly reify ]
179 verbose reify failed optional dependency /Users/franivan/Documents/ProyectosWeb/HotelTriz/client/node_modules/@tailwindcss/oxide-linux-x64-gnu
180 silly reify mark deleted [
180 silly reify   '/Users/franivan/Documents/ProyectosWeb/HotelTriz/client/node_modules/@tailwindcss/oxide-linux-x64-gnu'
180 silly reify ]
181 verbose reify failed optional dependency /Users/franivan/Documents/ProyectosWeb/HotelTriz/client/node_modules/@tailwindcss/oxide-linux-arm64-musl
182 silly reify mark deleted [
182 silly reify   '/Users/franivan/Documents/ProyectosWeb/HotelTriz/client/node_modules/@tailwindcss/oxide-linux-arm64-musl'
182 silly reify ]
183 verbose reify failed optional dependency /Users/franivan/Documents/ProyectosWeb/HotelTriz/client/node_modules/@tailwindcss/oxide-linux-arm64-gnu
184 silly reify mark deleted [
184 silly reify   '/Users/franivan/Documents/ProyectosWeb/HotelTriz/client/node_modules/@tailwindcss/oxide-linux-arm64-gnu'
184 silly reify ]
185 verbose reify failed optional dependency /Users/franivan/Documents/ProyectosWeb/HotelTriz/client/node_modules/@tailwindcss/oxide-linux-arm-gnueabihf
186 silly reify mark deleted [
186 silly reify   '/Users/franivan/Documents/ProyectosWeb/HotelTriz/client/node_modules/@tailwindcss/oxide-linux-arm-gnueabihf'
186 silly reify ]
187 verbose reify failed optional dependency /Users/franivan/Documents/ProyectosWeb/HotelTriz/client/node_modules/@tailwindcss/oxide-freebsd-x64
188 silly reify mark deleted [
188 silly reify   '/Users/franivan/Documents/ProyectosWeb/HotelTriz/client/node_modules/@tailwindcss/oxide-freebsd-x64'
188 silly reify ]
189 verbose reify failed optional dependency /Users/franivan/Documents/ProyectosWeb/HotelTriz/client/node_modules/@tailwindcss/oxide-darwin-x64
190 silly reify mark deleted [
190 silly reify   '/Users/franivan/Documents/ProyectosWeb/HotelTriz/client/node_modules/@tailwindcss/oxide-darwin-x64'
190 silly reify ]
191 verbose reify failed optional dependency /Users/franivan/Documents/ProyectosWeb/HotelTriz/client/node_modules/@tailwindcss/oxide-android-arm64
192 silly reify mark deleted [
192 silly reify   '/Users/franivan/Documents/ProyectosWeb/HotelTriz/client/node_modules/@tailwindcss/oxide-android-arm64'
192 silly reify ]
193 http cache tapable@https://registry.npmjs.org/tapable/-/tapable-2.3.2.tgz 0ms (cache hit)
194 http cache jiti@https://registry.npmjs.org/jiti/-/jiti-2.6.1.tgz 0ms (cache hit)
195 http cache enhanced-resolve@https://registry.npmjs.org/enhanced-resolve/-/enhanced-resolve-5.20.1.tgz 0ms (cache hit)
196 http cache magic-string@https://registry.npmjs.org/magic-string/-/magic-string-0.30.21.tgz 0ms (cache hit)
197 http cache @tailwindcss/oxide@https://registry.npmjs.org/@tailwindcss/oxide/-/oxide-4.2.2.tgz 0ms (cache hit)
198 http cache @tailwindcss/node@https://registry.npmjs.org/@tailwindcss/node/-/node-4.2.2.tgz 0ms (cache hit)
199 http cache @tailwindcss/vite@https://registry.npmjs.org/@tailwindcss/vite/-/vite-4.2.2.tgz 0ms (cache hit)
200 http cache @tailwindcss/oxide-darwin-arm64@https://registry.npmjs.org/@tailwindcss/oxide-darwin-arm64/-/oxide-darwin-arm64-4.2.2.tgz 0ms (cache hit)
201 http cache graceful-fs@https://registry.npmjs.org/graceful-fs/-/graceful-fs-4.2.11.tgz 0ms (cache hit)
202 silly tarball no local data for tapable@https://registry.npmjs.org/tapable/-/tapable-2.3.2.tgz. Extracting by manifest.
203 silly tarball no local data for jiti@https://registry.npmjs.org/jiti/-/jiti-2.6.1.tgz. Extracting by manifest.
204 silly tarball no local data for enhanced-resolve@https://registry.npmjs.org/enhanced-resolve/-/enhanced-resolve-5.20.1.tgz. Extracting by manifest.
205 silly tarball no local data for magic-string@https://registry.npmjs.org/magic-string/-/magic-string-0.30.21.tgz. Extracting by manifest.
206 silly tarball no local data for @tailwindcss/oxide@https://registry.npmjs.org/@tailwindcss/oxide/-/oxide-4.2.2.tgz. Extracting by manifest.
207 silly tarball no local data for @tailwindcss/node@https://registry.npmjs.org/@tailwindcss/node/-/node-4.2.2.tgz. Extracting by manifest.
208 silly tarball no local data for @tailwindcss/vite@https://registry.npmjs.org/@tailwindcss/vite/-/vite-4.2.2.tgz. Extracting by manifest.
209 silly tarball no local data for @tailwindcss/oxide-darwin-arm64@https://registry.npmjs.org/@tailwindcss/oxide-darwin-arm64/-/oxide-darwin-arm64-4.2.2.tgz. Extracting by manifest.
210 silly tarball no local data for graceful-fs@https://registry.npmjs.org/graceful-fs/-/graceful-fs-4.2.11.tgz. Extracting by manifest.
211 http fetch GET 200 https://registry.npmjs.org/tapable/-/tapable-2.3.2.tgz 68ms (cache miss)
212 http fetch GET 200 https://registry.npmjs.org/@tailwindcss/oxide/-/oxide-4.2.2.tgz 72ms (cache miss)
213 http fetch GET 200 https://registry.npmjs.org/magic-string/-/magic-string-0.30.21.tgz 79ms (cache miss)
214 http fetch GET 200 https://registry.npmjs.org/@tailwindcss/node/-/node-4.2.2.tgz 78ms (cache miss)
215 http fetch GET 200 https://registry.npmjs.org/enhanced-resolve/-/enhanced-resolve-5.20.1.tgz 90ms (cache miss)
216 http fetch GET 200 https://registry.npmjs.org/jiti/-/jiti-2.6.1.tgz 95ms (cache miss)
217 http fetch POST 200 https://registry.npmjs.org/-/npm/v1/security/advisories/bulk 143ms
218 silly audit report {}
219 http fetch GET 200 https://registry.npmjs.org/graceful-fs/-/graceful-fs-4.2.11.tgz 136ms (cache miss)
220 http fetch GET 200 https://registry.npmjs.org/@tailwindcss/vite/-/vite-4.2.2.tgz 137ms (cache miss)
221 http fetch GET 200 https://registry.npmjs.org/@tailwindcss/oxide-darwin-arm64/-/oxide-darwin-arm64-4.2.2.tgz 312ms (cache miss)
222 silly ADD node_modules/tapable
223 silly ADD node_modules/graceful-fs
224 silly ADD node_modules/@tailwindcss/oxide-win32-x64-msvc
225 silly ADD node_modules/@tailwindcss/oxide-win32-arm64-msvc
226 silly ADD node_modules/@tailwindcss/oxide-wasm32-wasi
227 silly ADD node_modules/@tailwindcss/oxide-linux-x64-musl
228 silly ADD node_modules/@tailwindcss/oxide-linux-x64-gnu
229 silly ADD node_modules/@tailwindcss/oxide-linux-arm64-musl
230 silly ADD node_modules/@tailwindcss/oxide-linux-arm64-gnu
231 silly ADD node_modules/@tailwindcss/oxide-linux-arm-gnueabihf
232 silly ADD node_modules/@tailwindcss/oxide-freebsd-x64
233 silly ADD node_modules/@tailwindcss/oxide-darwin-x64
234 silly ADD node_modules/@tailwindcss/oxide-darwin-arm64
235 silly ADD node_modules/@tailwindcss/oxide-android-arm64
236 silly ADD node_modules/magic-string
237 silly ADD node_modules/jiti
238 silly ADD node_modules/enhanced-resolve
239 silly ADD node_modules/@tailwindcss/oxide
240 silly ADD node_modules/@tailwindcss/node
241 silly ADD node_modules/@tailwindcss/vite
242 verbose cwd /Users/franivan/Documents/ProyectosWeb/HotelTriz/client
243 verbose os Darwin 24.6.0
244 verbose node v22.13.1
245 verbose npm  v11.4.2
246 verbose exit 0
247 info ok
