0 verbose cli /usr/local/bin/node /usr/local/lib/node_modules/npm/bin/npm-cli.js
1 info using npm@11.4.2
2 info using node@v22.13.1
3 silly config load:file:/usr/local/lib/node_modules/npm/npmrc
4 silly config load:file:/Users/franivan/Documents/ProyectosWeb/HotelTriz/.npmrc
5 silly config load:file:/Users/franivan/.npmrc
6 verbose config error loading user config Error: EPERM: operation not permitted, open '/Users/franivan/.npmrc'
6 verbose config     at async open (node:internal/fs/promises:638:25)
6 verbose config     at async readFile (node:internal/fs/promises:1242:14)
6 verbose config     at async #loadFile (/usr/local/lib/node_modules/npm/node_modules/@npmcli/config/lib/index.js:635:5)
6 verbose config     at async Config.load (/usr/local/lib/node_modules/npm/node_modules/@npmcli/config/lib/index.js:259:5)
6 verbose config     at async #load (/usr/local/lib/node_modules/npm/lib/npm.js:99:5)
6 verbose config     at async Npm.load (/usr/local/lib/node_modules/npm/lib/npm.js:81:14)
6 verbose config     at async module.exports (/usr/local/lib/node_modules/npm/lib/cli/entry.js:35:37) {
6 verbose config   errno: -1,
6 verbose config   code: 'EPERM',
6 verbose config   syscall: 'open',
6 verbose config   path: '/Users/franivan/.npmrc'
6 verbose config }
7 silly config load:file:/usr/local/etc/npmrc
8 verbose title npm exec create-vite@latest client --no-interactive --template react
9 verbose argv "exec" "--yes" "--" "create-vite@latest" "client" "--no-interactive" "--template" "react"
10 verbose logfile logs-max:10 dir:/Users/franivan/Documents/ProyectosWeb/HotelTriz/.npm_cache/_logs/2026-04-15T10_28_21_949Z-
11 verbose logfile /Users/franivan/Documents/ProyectosWeb/HotelTriz/.npm_cache/_logs/2026-04-15T10_28_21_949Z-debug-0.log
12 silly logfile done cleaning log files
13 silly packumentCache heap:4345298944 maxSize:1086324736 maxEntrySize:543162368
14 http fetch GET 200 https://registry.npmjs.org/create-vite 181ms (cache revalidated)
15 silly packumentCache heap:4345298944 maxSize:1086324736 maxEntrySize:543162368
16 silly packumentCache heap:4345298944 maxSize:1086324736 maxEntrySize:543162368
17 verbose cwd /Users/franivan/Documents/ProyectosWeb/HotelTriz
18 verbose os Darwin 24.6.0
19 verbose node v22.13.1
20 verbose npm  v11.4.2
21 verbose exit 0
22 info ok
