0 verbose cli /usr/local/bin/node /usr/local/bin/npm
1 info using npm@11.4.2
2 info using node@v22.13.1
3 silly config load:file:/usr/local/lib/node_modules/npm/npmrc
4 silly config load:file:/Users/franivan/Documents/ProyectosWeb/HotelTriz/server/.npmrc
5 silly config load:file:/Users/franivan/.npmrc
6 verbose config error loading user config Error: EPERM: operation not permitted, open '/Users/franivan/.npmrc'
6 verbose config     at async open (node:internal/fs/promises:638:25)
6 verbose config     at async readFile (node:internal/fs/promises:1242:14)
6 verbose config     at async #loadFile (/usr/local/lib/node_modules/npm/node_modules/@npmcli/config/lib/index.js:635:5)
6 verbose config     at async Config.load (/usr/local/lib/node_modules/npm/node_modules/@npmcli/config/lib/index.js:259:5)
6 verbose config     at async #load (/usr/local/lib/node_modules/npm/lib/npm.js:99:5)
6 verbose config     at async Npm.load (/usr/local/lib/node_modules/npm/lib/npm.js:81:14)
6 verbose config     at async module.exports (/usr/local/lib/node_modules/npm/lib/cli/entry.js:35:37) {
6 verbose config   errno: -1,
6 verbose config   code: 'EPERM',
6 verbose config   syscall: 'open',
6 verbose config   path: '/Users/franivan/.npmrc'
6 verbose config }
7 silly config load:file:/usr/local/etc/npmrc
8 verbose title npm install @libsql/client @prisma/adapter-libsql
9 verbose argv "install" "@libsql/client" "@prisma/adapter-libsql" "--cache" "../.npm_cache"
10 verbose logfile logs-max:10 dir:/Users/franivan/Documents/ProyectosWeb/HotelTriz/.npm_cache/_logs/2026-04-15T10_48_46_144Z-
11 verbose logfile /Users/franivan/Documents/ProyectosWeb/HotelTriz/.npm_cache/_logs/2026-04-15T10_48_46_144Z-debug-0.log
12 silly logfile done cleaning log files
13 silly packumentCache heap:4345298944 maxSize:1086324736 maxEntrySize:543162368
14 silly idealTree buildDeps
15 silly fetch manifest @libsql/client@*
16 silly packumentCache full:https://registry.npmjs.org/@libsql%2fclient cache-miss
17 verbose shrinkwrap failed to load node_modules/.package-lock.json out of date, updated: node_modules
18 http fetch GET 200 https://registry.npmjs.org/@libsql%2fclient 227ms (cache miss)
19 silly packumentCache full:https://registry.npmjs.org/@libsql%2fclient set size:undefined disposed:false
20 silly fetch manifest @prisma/adapter-libsql@*
21 silly packumentCache full:https://registry.npmjs.org/@prisma%2fadapter-libsql cache-miss
22 http fetch GET 200 https://registry.npmjs.org/@prisma%2fadapter-libsql 1201ms (cache miss)
23 silly packumentCache full:https://registry.npmjs.org/@prisma%2fadapter-libsql set size:undefined disposed:false
24 silly placeDep ROOT @libsql/client@0.17.2 OK for: server@1.0.0 want: *
25 silly placeDep ROOT @prisma/adapter-libsql@7.7.0 OK for: server@1.0.0 want: *
26 silly fetch manifest libsql@^0.5.28
27 silly packumentCache full:https://registry.npmjs.org/libsql cache-miss
28 silly fetch manifest js-base64@^3.7.5
29 silly packumentCache full:https://registry.npmjs.org/js-base64 cache-miss
30 silly fetch manifest @libsql/core@^0.17.2
31 silly packumentCache full:https://registry.npmjs.org/@libsql%2fcore cache-miss
32 silly fetch manifest promise-limit@^2.7.0
33 silly packumentCache full:https://registry.npmjs.org/promise-limit cache-miss
34 silly fetch manifest @libsql/hrana-client@^0.9.0
35 silly packumentCache full:https://registry.npmjs.org/@libsql%2fhrana-client cache-miss
36 silly fetch manifest async-mutex@0.5.0
37 silly packumentCache full:https://registry.npmjs.org/async-mutex cache-miss
38 silly fetch manifest @prisma/driver-adapter-utils@7.7.0
39 silly packumentCache full:https://registry.npmjs.org/@prisma%2fdriver-adapter-utils cache-miss
40 http fetch GET 200 https://registry.npmjs.org/libsql 60ms (cache miss)
41 silly packumentCache full:https://registry.npmjs.org/libsql set size:undefined disposed:false
42 http fetch GET 200 https://registry.npmjs.org/promise-limit 115ms (cache miss)
43 silly packumentCache full:https://registry.npmjs.org/promise-limit set size:undefined disposed:false
44 http fetch GET 200 https://registry.npmjs.org/async-mutex 129ms (cache miss)
45 silly packumentCache full:https://registry.npmjs.org/async-mutex set size:undefined disposed:false
46 http fetch GET 200 https://registry.npmjs.org/js-base64 220ms (cache miss)
47 silly packumentCache full:https://registry.npmjs.org/js-base64 set size:undefined disposed:false
48 http fetch GET 200 https://registry.npmjs.org/@libsql%2fcore 356ms (cache miss)
49 silly packumentCache full:https://registry.npmjs.org/@libsql%2fcore set size:undefined disposed:false
50 http fetch GET 200 https://registry.npmjs.org/@libsql%2fhrana-client 390ms (cache miss)
51 silly packumentCache full:https://registry.npmjs.org/@libsql%2fhrana-client set size:undefined disposed:false
52 http fetch GET 200 https://registry.npmjs.org/@prisma%2fdriver-adapter-utils 493ms (cache miss)
53 silly packumentCache full:https://registry.npmjs.org/@prisma%2fdriver-adapter-utils set size:undefined disposed:false
54 silly placeDep ROOT @libsql/core@0.17.2 OK for: @libsql/client@0.17.2 want: ^0.17.2
55 silly placeDep ROOT @libsql/hrana-client@0.9.0 OK for: @libsql/client@0.17.2 want: ^0.9.0
56 silly placeDep ROOT js-base64@3.7.8 OK for: @libsql/client@0.17.2 want: ^3.7.5
57 silly placeDep ROOT libsql@0.5.29 OK for: @libsql/client@0.17.2 want: ^0.5.28
58 silly placeDep ROOT promise-limit@2.7.0 OK for: @libsql/client@0.17.2 want: ^2.7.0
59 silly fetch manifest node-fetch@^3.3.2
60 silly packumentCache full:https://registry.npmjs.org/node-fetch cache-miss
61 silly fetch manifest cross-fetch@^4.0.0
62 silly packumentCache full:https://registry.npmjs.org/cross-fetch cache-miss
63 silly fetch manifest @libsql/isomorphic-ws@^0.1.5
64 silly packumentCache full:https://registry.npmjs.org/@libsql%2fisomorphic-ws cache-miss
65 silly fetch manifest detect-libc@2.0.2
66 silly packumentCache full:https://registry.npmjs.org/detect-libc cache-miss
67 silly fetch manifest @neon-rs/load@^0.0.4
68 silly packumentCache full:https://registry.npmjs.org/@neon-rs%2fload cache-miss
69 silly fetch manifest @libsql/darwin-x64@0.5.29
70 silly packumentCache full:https://registry.npmjs.org/@libsql%2fdarwin-x64 cache-miss
71 silly fetch manifest @libsql/darwin-arm64@0.5.29
72 silly packumentCache full:https://registry.npmjs.org/@libsql%2fdarwin-arm64 cache-miss
73 http fetch GET 200 https://registry.npmjs.org/detect-libc 54ms (cache revalidated)
74 silly packumentCache full:https://registry.npmjs.org/detect-libc set size:47861 disposed:false
75 silly fetch manifest @libsql/linux-x64-gnu@0.5.29
76 silly packumentCache full:https://registry.npmjs.org/@libsql%2flinux-x64-gnu cache-miss
77 http fetch GET 200 https://registry.npmjs.org/cross-fetch 58ms (cache miss)
78 silly packumentCache full:https://registry.npmjs.org/cross-fetch set size:undefined disposed:false
79 silly fetch manifest @libsql/linux-x64-musl@0.5.29
80 silly packumentCache full:https://registry.npmjs.org/@libsql%2flinux-x64-musl cache-miss
81 http fetch GET 200 https://registry.npmjs.org/node-fetch 83ms (cache miss)
82 silly packumentCache full:https://registry.npmjs.org/node-fetch set size:undefined disposed:false
83 silly fetch manifest @libsql/win32-x64-msvc@0.5.29
84 silly packumentCache full:https://registry.npmjs.org/@libsql%2fwin32-x64-msvc cache-miss
85 http fetch GET 200 https://registry.npmjs.org/@libsql%2flinux-x64-gnu 55ms (cache miss)
86 silly packumentCache full:https://registry.npmjs.org/@libsql%2flinux-x64-gnu set size:undefined disposed:false
87 silly fetch manifest @libsql/linux-arm64-gnu@0.5.29
88 silly packumentCache full:https://registry.npmjs.org/@libsql%2flinux-arm64-gnu cache-miss
89 http fetch GET 200 https://registry.npmjs.org/@libsql%2flinux-x64-musl 60ms (cache miss)
90 silly packumentCache full:https://registry.npmjs.org/@libsql%2flinux-x64-musl set size:undefined disposed:false
91 silly fetch manifest @libsql/linux-arm64-musl@0.5.29
92 silly packumentCache full:https://registry.npmjs.org/@libsql%2flinux-arm64-musl cache-miss
93 http fetch GET 200 https://registry.npmjs.org/@libsql%2flinux-arm64-gnu 54ms (cache miss)
94 silly packumentCache full:https://registry.npmjs.org/@libsql%2flinux-arm64-gnu set size:undefined disposed:false
95 silly fetch manifest @libsql/linux-arm-gnueabihf@0.5.29
96 silly packumentCache full:https://registry.npmjs.org/@libsql%2flinux-arm-gnueabihf cache-miss
97 http fetch GET 200 https://registry.npmjs.org/@libsql%2flinux-arm64-musl 56ms (cache miss)
98 silly packumentCache full:https://registry.npmjs.org/@libsql%2flinux-arm64-musl set size:undefined disposed:false
99 silly fetch manifest @libsql/linux-arm-musleabihf@0.5.29
100 silly packumentCache full:https://registry.npmjs.org/@libsql%2flinux-arm-musleabihf cache-miss
101 http fetch GET 200 https://registry.npmjs.org/@libsql%2fisomorphic-ws 290ms (cache miss)
102 silly packumentCache full:https://registry.npmjs.org/@libsql%2fisomorphic-ws set size:undefined disposed:false
103 http fetch GET 200 https://registry.npmjs.org/@libsql%2fdarwin-x64 292ms (cache miss)
104 silly packumentCache full:https://registry.npmjs.org/@libsql%2fdarwin-x64 set size:undefined disposed:false
105 http fetch GET 200 https://registry.npmjs.org/@neon-rs%2fload 296ms (cache miss)
106 silly packumentCache full:https://registry.npmjs.org/@neon-rs%2fload set size:undefined disposed:false
107 http fetch GET 200 https://registry.npmjs.org/@libsql%2fdarwin-arm64 303ms (cache miss)
108 silly packumentCache full:https://registry.npmjs.org/@libsql%2fdarwin-arm64 set size:undefined disposed:false
109 http fetch GET 200 https://registry.npmjs.org/@libsql%2fwin32-x64-msvc 293ms (cache miss)
110 silly packumentCache full:https://registry.npmjs.org/@libsql%2fwin32-x64-msvc set size:undefined disposed:false
111 http fetch GET 200 https://registry.npmjs.org/@libsql%2flinux-arm-gnueabihf 285ms (cache miss)
112 silly packumentCache full:https://registry.npmjs.org/@libsql%2flinux-arm-gnueabihf set size:undefined disposed:false
113 http fetch GET 200 https://registry.npmjs.org/@libsql%2flinux-arm-musleabihf 299ms (cache miss)
114 silly packumentCache full:https://registry.npmjs.org/@libsql%2flinux-arm-musleabihf set size:undefined disposed:false
115 silly placeDep ROOT @libsql/isomorphic-ws@0.1.5 OK for: @libsql/hrana-client@0.9.0 want: ^0.1.5
116 silly placeDep ROOT cross-fetch@4.1.0 OK for: @libsql/hrana-client@0.9.0 want: ^4.0.0
117 silly placeDep ROOT node-fetch@3.3.2 OK for: @libsql/hrana-client@0.9.0 want: ^3.3.2
118 silly fetch manifest ws@^8.13.0
119 silly packumentCache full:https://registry.npmjs.org/ws cache-miss
120 silly fetch manifest @types/ws@^8.5.4
121 silly packumentCache full:https://registry.npmjs.org/@types%2fws cache-miss
122 silly fetch manifest node-fetch@^2.7.0
123 silly packumentCache full:https://registry.npmjs.org/node-fetch cache-miss
124 silly fetch manifest data-uri-to-buffer@^4.0.0
125 silly packumentCache full:https://registry.npmjs.org/data-uri-to-buffer cache-miss
126 silly fetch manifest fetch-blob@^3.1.4
127 silly packumentCache full:https://registry.npmjs.org/fetch-blob cache-miss
128 silly fetch manifest formdata-polyfill@^4.0.10
129 silly packumentCache full:https://registry.npmjs.org/formdata-polyfill cache-miss
130 http cache https://registry.npmjs.org/node-fetch 10ms (cache hit)
131 silly packumentCache full:https://registry.npmjs.org/node-fetch set size:896010 disposed:false
132 http fetch GET 200 https://registry.npmjs.org/formdata-polyfill 57ms (cache miss)
133 silly packumentCache full:https://registry.npmjs.org/formdata-polyfill set size:undefined disposed:false
134 http fetch GET 200 https://registry.npmjs.org/ws 60ms (cache miss)
135 silly packumentCache full:https://registry.npmjs.org/ws set size:undefined disposed:false
136 http fetch GET 200 https://registry.npmjs.org/fetch-blob 65ms (cache miss)
137 silly packumentCache full:https://registry.npmjs.org/fetch-blob set size:undefined disposed:false
138 http fetch GET 200 https://registry.npmjs.org/data-uri-to-buffer 67ms (cache miss)
139 silly packumentCache full:https://registry.npmjs.org/data-uri-to-buffer set size:undefined disposed:false
140 http fetch GET 200 https://registry.npmjs.org/@types%2fws 68ms (cache miss)
141 silly packumentCache full:https://registry.npmjs.org/@types%2fws set size:undefined disposed:false
142 silly fetch manifest bufferutil@^4.0.1
143 silly packumentCache full:https://registry.npmjs.org/bufferutil cache-miss
144 http fetch GET 200 https://registry.npmjs.org/bufferutil 42ms (cache miss)
145 silly packumentCache full:https://registry.npmjs.org/bufferutil set size:undefined disposed:false
146 silly fetch manifest utf-8-validate@>=5.0.2
147 silly packumentCache full:https://registry.npmjs.org/utf-8-validate cache-miss
148 http fetch GET 200 https://registry.npmjs.org/utf-8-validate 42ms (cache miss)
149 silly packumentCache full:https://registry.npmjs.org/utf-8-validate set size:undefined disposed:false
150 silly placeDep ROOT @types/ws@8.18.1 OK for: @libsql/isomorphic-ws@0.1.5 want: ^8.5.4
151 silly placeDep ROOT ws@8.20.0 OK for: @libsql/isomorphic-ws@0.1.5 want: ^8.13.0
152 silly fetch manifest @types/node@*
153 silly packumentCache full:https://registry.npmjs.org/@types%2fnode cache-miss
154 http fetch GET 200 https://registry.npmjs.org/@types%2fnode 72ms (cache revalidated)
155 silly packumentCache full:https://registry.npmjs.org/@types%2fnode set size:10972342 disposed:false
156 silly placeDep ROOT @prisma/driver-adapter-utils@7.7.0 OK for: @prisma/adapter-libsql@7.7.0 want: 7.7.0
157 silly placeDep ROOT async-mutex@0.5.0 OK for: @prisma/adapter-libsql@7.7.0 want: 0.5.0
158 silly fetch manifest tslib@^2.4.0
159 silly packumentCache full:https://registry.npmjs.org/tslib cache-miss
160 http fetch GET 200 https://registry.npmjs.org/tslib 45ms (cache revalidated)
161 silly packumentCache full:https://registry.npmjs.org/tslib set size:108760 disposed:false
162 silly placeDep ROOT @types/node@25.6.0 OK for: @types/ws@8.18.1 want: *
163 silly fetch manifest undici-types@~7.19.0
164 silly packumentCache full:https://registry.npmjs.org/undici-types cache-miss
165 http fetch GET 200 https://registry.npmjs.org/undici-types 43ms (cache miss)
166 silly packumentCache full:https://registry.npmjs.org/undici-types set size:undefined disposed:false
167 silly placeDep ROOT undici-types@7.19.2 OK for: @types/node@25.6.0 want: ~7.19.0
168 silly placeDep ROOT tslib@2.8.1 OK for: async-mutex@0.5.0 want: ^2.4.0
169 silly fetch manifest encoding@^0.1.0
170 silly packumentCache full:https://registry.npmjs.org/encoding cache-miss
171 http fetch GET 200 https://registry.npmjs.org/encoding 42ms (cache miss)
172 silly packumentCache full:https://registry.npmjs.org/encoding set size:undefined disposed:false
173 silly placeDep node_modules/cross-fetch node-fetch@2.7.0 OK for: cross-fetch@4.1.0 want: ^2.7.0
174 silly fetch manifest whatwg-url@^5.0.0
175 silly packumentCache full:https://registry.npmjs.org/whatwg-url cache-miss
176 http fetch GET 200 https://registry.npmjs.org/whatwg-url 47ms (cache miss)
177 silly packumentCache full:https://registry.npmjs.org/whatwg-url set size:undefined disposed:false
178 silly placeDep ROOT @libsql/darwin-arm64@0.5.29 OK for: libsql@0.5.29 want: 0.5.29
179 silly placeDep ROOT @libsql/darwin-x64@0.5.29 OK for: libsql@0.5.29 want: 0.5.29
180 silly placeDep ROOT @libsql/linux-arm-gnueabihf@0.5.29 OK for: libsql@0.5.29 want: 0.5.29
181 silly placeDep ROOT @libsql/linux-arm-musleabihf@0.5.29 OK for: libsql@0.5.29 want: 0.5.29
182 silly placeDep ROOT @libsql/linux-arm64-gnu@0.5.29 OK for: libsql@0.5.29 want: 0.5.29
183 silly placeDep ROOT @libsql/linux-arm64-musl@0.5.29 OK for: libsql@0.5.29 want: 0.5.29
184 silly placeDep ROOT @libsql/linux-x64-gnu@0.5.29 OK for: libsql@0.5.29 want: 0.5.29
185 silly placeDep ROOT @libsql/linux-x64-musl@0.5.29 OK for: libsql@0.5.29 want: 0.5.29
186 silly placeDep ROOT @libsql/win32-x64-msvc@0.5.29 OK for: libsql@0.5.29 want: 0.5.29
187 silly placeDep ROOT @neon-rs/load@0.0.4 OK for: libsql@0.5.29 want: ^0.0.4
188 silly placeDep ROOT detect-libc@2.0.2 OK for: libsql@0.5.29 want: 2.0.2
189 silly placeDep ROOT data-uri-to-buffer@4.0.1 OK for: node-fetch@3.3.2 want: ^4.0.0
190 silly placeDep ROOT fetch-blob@3.2.0 OK for: node-fetch@3.3.2 want: ^3.1.4
191 silly placeDep ROOT formdata-polyfill@4.0.10 OK for: node-fetch@3.3.2 want: ^4.0.10
192 silly fetch manifest node-domexception@^1.0.0
193 silly packumentCache full:https://registry.npmjs.org/node-domexception cache-miss
194 silly fetch manifest web-streams-polyfill@^3.0.3
195 silly packumentCache full:https://registry.npmjs.org/web-streams-polyfill cache-miss
196 http fetch GET 200 https://registry.npmjs.org/node-domexception 42ms (cache miss)
197 silly packumentCache full:https://registry.npmjs.org/node-domexception set size:undefined disposed:false
198 http fetch GET 200 https://registry.npmjs.org/web-streams-polyfill 42ms (cache miss)
199 silly packumentCache full:https://registry.npmjs.org/web-streams-polyfill set size:undefined disposed:false
200 silly placeDep ROOT node-domexception@1.0.0 OK for: fetch-blob@3.2.0 want: ^1.0.0
201 silly placeDep ROOT web-streams-polyfill@3.3.3 OK for: fetch-blob@3.2.0 want: ^3.0.3
202 silly placeDep ROOT whatwg-url@5.0.0 OK for: node-fetch@2.7.0 want: ^5.0.0
203 silly fetch manifest tr46@~0.0.3
204 silly packumentCache full:https://registry.npmjs.org/tr46 cache-miss
205 silly fetch manifest webidl-conversions@^3.0.0
206 silly packumentCache full:https://registry.npmjs.org/webidl-conversions cache-miss
207 http fetch GET 200 https://registry.npmjs.org/webidl-conversions 36ms (cache miss)
208 silly packumentCache full:https://registry.npmjs.org/webidl-conversions set size:undefined disposed:false
209 http fetch GET 200 https://registry.npmjs.org/tr46 45ms (cache miss)
210 silly packumentCache full:https://registry.npmjs.org/tr46 set size:undefined disposed:false
211 silly placeDep ROOT tr46@0.0.3 OK for: whatwg-url@5.0.0 want: ~0.0.3
212 silly placeDep ROOT webidl-conversions@3.0.1 OK for: whatwg-url@5.0.0 want: ^3.0.0
213 silly reify moves {}
214 silly audit bulk request {
214 silly audit   '@electric-sql/pglite': [ '0.4.1' ],
214 silly audit   '@electric-sql/pglite-socket': [ '0.1.1' ],
214 silly audit   '@electric-sql/pglite-tools': [ '0.3.1' ],
214 silly audit   '@hono/node-server': [ '1.19.11' ],
214 silly audit   '@kurkle/color': [ '0.3.4' ],
214 silly audit   '@prisma/client': [ '7.7.0' ],
214 silly audit   '@prisma/client-runtime-utils': [ '7.7.0' ],
214 silly audit   '@prisma/config': [ '7.7.0' ],
214 silly audit   '@prisma/debug': [ '7.7.0', '7.2.0' ],
214 silly audit   '@prisma/dev': [ '0.24.3' ],
214 silly audit   '@prisma/engines': [ '7.7.0' ],
214 silly audit   '@prisma/engines-version': [ '7.6.0-1.75cbdc1eb7150937890ad5465d861175c6624711' ],
214 silly audit   '@prisma/get-platform': [ '7.7.0', '7.2.0' ],
214 silly audit   '@prisma/fetch-engine': [ '7.7.0' ],
214 silly audit   '@prisma/query-plan-executor': [ '7.2.0' ],
214 silly audit   '@prisma/streams-local': [ '0.1.2' ],
214 silly audit   '@prisma/studio-core': [ '0.27.3' ],
214 silly audit   '@radix-ui/primitive': [ '1.1.3' ],
214 silly audit   '@radix-ui/react-compose-refs': [ '1.1.2' ],
214 silly audit   '@radix-ui/react-primitive': [ '2.1.3' ],
214 silly audit   '@radix-ui/react-slot': [ '1.2.3' ],
214 silly audit   '@radix-ui/react-toggle': [ '1.1.10' ],
214 silly audit   '@radix-ui/react-use-controllable-state': [ '1.2.2' ],
214 silly audit   '@radix-ui/react-use-effect-event': [ '0.0.2' ],
214 silly audit   '@radix-ui/react-use-layout-effect': [ '1.1.1' ],
214 silly audit   '@standard-schema/spec': [ '1.1.0' ],
214 silly audit   '@types/react': [ '19.2.14' ],
214 silly audit   accepts: [ '2.0.0' ],
214 silly audit   ajv: [ '8.18.0' ],
214 silly audit   anymatch: [ '3.1.3' ],
214 silly audit   'aws-ssl-profiles': [ '1.1.2' ],
214 silly audit   'balanced-match': [ '4.0.4' ],
214 silly audit   'better-result': [ '2.8.2' ],
214 silly audit   'binary-extensions': [ '2.3.0' ],
214 silly audit   'body-parser': [ '2.2.2' ],
214 silly audit   'brace-expansion': [ '5.0.5' ],
214 silly audit   braces: [ '3.0.3' ],
214 silly audit   bytes: [ '3.1.2' ],
214 silly audit   c12: [ '3.1.0' ],
214 silly audit   chokidar: [ '4.0.3', '3.6.0' ],
214 silly audit   dotenv: [ '16.6.1', '17.4.2' ],
214 silly audit   readdirp: [ '4.1.2', '3.6.0' ],
214 silly audit   'call-bind-apply-helpers': [ '1.0.2' ],
214 silly audit   'call-bound': [ '1.0.4' ],
214 silly audit   'chart.js': [ '4.5.1' ],
214 silly audit   citty: [ '0.1.6', '0.2.2' ],
214 silly audit   confbox: [ '0.2.4' ],
214 silly audit   consola: [ '3.4.2' ],
214 silly audit   'content-disposition': [ '1.1.0' ],
214 silly audit   'content-type': [ '1.0.5' ],
214 silly audit   cookie: [ '0.7.2' ],
214 silly audit   'cookie-signature': [ '1.2.2' ],
214 silly audit   cors: [ '2.8.6' ],
214 silly audit   'cross-spawn': [ '7.0.6' ],
214 silly audit   csstype: [ '3.2.3' ],
214 silly audit   debug: [ '4.4.3' ],
214 silly audit   'deepmerge-ts': [ '7.1.5' ],
214 silly audit   defu: [ '6.1.7' ],
214 silly audit   denque: [ '2.1.0' ],
214 silly audit   depd: [ '2.0.0' ],
214 silly audit   destr: [ '2.0.5' ],
214 silly audit   'dunder-proto': [ '1.0.1' ],
214 silly audit   'ee-first': [ '1.1.1' ],
214 silly audit   effect: [ '3.20.0' ],
214 silly audit   empathic: [ '2.0.0' ],
214 silly audit   encodeurl: [ '2.0.0' ],
214 silly audit   'env-paths': [ '3.0.0' ],
214 silly audit   'es-define-property': [ '1.0.1' ],
214 silly audit   'es-errors': [ '1.3.0' ],
214 silly audit   'es-object-atoms': [ '1.1.1' ],
214 silly audit   'escape-html': [ '1.0.3' ],
214 silly audit   etag: [ '1.8.1' ],
214 silly audit   express: [ '5.2.1' ],
214 silly audit   exsolve: [ '1.0.8' ],
214 silly audit   'fast-check': [ '3.23.2' ],
214 silly audit   'fast-deep-equal': [ '3.1.3' ],
214 silly audit   'fast-uri': [ '3.1.0' ],
214 silly audit   'fill-range': [ '7.1.1' ],
214 silly audit   finalhandler: [ '2.1.1' ],
214 silly audit   'foreground-child': [ '3.3.1' ],
214 silly audit   forwarded: [ '0.2.0' ],
214 silly audit   fresh: [ '2.0.0' ],
214 silly audit   fsevents: [ '2.3.3' ],
214 silly audit   'function-bind': [ '1.1.2' ],
214 silly audit   'generate-function': [ '2.3.1' ],
214 silly audit   'get-intrinsic': [ '1.3.0' ],
214 silly audit   'get-port-please': [ '3.2.0' ],
214 silly audit   'get-proto': [ '1.0.1' ],
214 silly audit   giget: [ '2.0.0' ],
214 silly audit   'glob-parent': [ '5.1.2' ],
214 silly audit   gopd: [ '1.2.0' ],
214 silly audit   'graceful-fs': [ '4.2.11' ],
214 silly audit   grammex: [ '3.1.12' ],
214 silly audit   graphmatch: [ '1.1.1' ],
214 silly audit   'has-flag': [ '3.0.0' ],
214 silly audit   'has-symbols': [ '1.1.0' ],
214 silly audit   hasown: [ '2.0.2' ],
214 silly audit   hono: [ '4.12.14' ],
214 silly audit   'http-errors': [ '2.0.1' ],
214 silly audit   'http-status-codes': [ '2.3.0' ],
214 silly audit   'iconv-lite': [ '0.7.2' ],
214 silly audit   'ignore-by-default': [ '1.0.1' ],
214 silly audit   inherits: [ '2.0.4' ],
214 silly audit   'ipaddr.js': [ '1.9.1' ],
214 silly audit   'is-binary-path': [ '2.1.0' ],
214 silly audit   'is-extglob': [ '2.1.1' ],
214 silly audit   'is-glob': [ '4.0.3' ],
214 silly audit   'is-number': [ '7.0.0' ],
214 silly audit   'is-promise': [ '4.0.0' ],
214 silly audit   'is-property': [ '1.0.2' ],
214 silly audit   isexe: [ '2.0.0' ],
214 silly audit   jiti: [ '2.6.1' ],
214 silly audit   'json-schema-traverse': [ '1.0.0' ],
214 silly audit   long: [ '5.3.2' ],
214 silly audit   'lru.min': [ '1.1.4' ],
214 silly audit   'math-intrinsics': [ '1.1.0' ],
214 silly audit   'media-typer': [ '1.1.0' ],
214 silly audit   'merge-descriptors': [ '2.0.0' ],
214 silly audit   'mime-db': [ '1.54.0' ],
214 silly audit   'mime-types': [ '3.0.2' ],
214 silly audit   minimatch: [ '10.2.5' ],
214 silly audit   ms: [ '2.1.3' ],
214 silly audit   mysql2: [ '3.15.3' ],
214 silly audit   'named-placeholders': [ '1.1.6' ],
214 silly audit   negotiator: [ '1.0.0' ],
214 silly audit   'node-fetch-native': [ '1.6.7' ],
214 silly audit   nodemon: [ '3.1.14' ],
214 silly audit   'normalize-path': [ '3.0.0' ],
214 silly audit   nypm: [ '0.6.5' ],
214 silly audit   'object-assign': [ '4.1.1' ],
214 silly audit   'object-inspect': [ '1.13.4' ],
214 silly audit   ohash: [ '2.0.11' ],
214 silly audit   'on-finished': [ '2.4.1' ],
214 silly audit   once: [ '1.4.0' ],
214 silly audit   parseurl: [ '1.3.3' ],
214 silly audit   'path-key': [ '3.1.1' ],
214 silly audit   'path-to-regexp': [ '8.4.2' ],
214 silly audit   pathe: [ '2.0.3' ],
214 silly audit   'perfect-debounce': [ '1.0.0' ],
214 silly audit   picomatch: [ '2.3.2' ],
214 silly audit   'pkg-types': [ '2.3.0' ],
214 silly audit   postgres: [ '3.4.7' ],
214 silly audit   prisma: [ '7.7.0' ],
214 silly audit   'proper-lockfile': [ '4.1.2' ],
214 silly audit   'signal-exit': [ '3.0.7', '4.1.0' ],
214 silly audit   'proxy-addr': [ '2.0.7' ],
214 silly audit   'pstree.remy': [ '1.1.8' ],
214 silly audit   'pure-rand': [ '6.1.0' ],
214 silly audit   qs: [ '6.15.1' ],
214 silly audit   'range-parser': [ '1.2.1' ],
214 silly audit   'raw-body': [ '3.0.2' ],
214 silly audit   rc9: [ '2.1.2' ],
214 silly audit   react: [ '19.2.5' ],
214 silly audit   'react-dom': [ '19.2.5' ],
214 silly audit   remeda: [ '2.33.4' ],
214 silly audit   'require-from-string': [ '2.0.2' ],
214 silly audit   retry: [ '0.12.0' ],
214 silly audit   router: [ '2.2.0' ],
214 silly audit   'safer-buffer': [ '2.1.2' ],
214 silly audit   scheduler: [ '0.27.0' ],
214 silly audit   semver: [ '7.7.4' ],
214 silly audit   send: [ '1.2.1' ],
214 silly audit   'seq-queue': [ '0.0.5' ],
214 silly audit   'serve-static': [ '2.2.1' ],
214 silly audit   setprototypeof: [ '1.2.0' ],
214 silly audit   'shebang-command': [ '2.0.0' ],
214 silly audit   'shebang-regex': [ '3.0.0' ],
214 silly audit   'side-channel': [ '1.1.0' ],
214 silly audit   'side-channel-list': [ '1.0.1' ],
214 silly audit   'side-channel-map': [ '1.0.1' ],
214 silly audit   'side-channel-weakmap': [ '1.0.2' ],
214 silly audit   'simple-update-notifier': [ '2.0.0' ],
214 silly audit   sqlstring: [ '2.3.3' ],
214 silly audit   statuses: [ '2.0.2' ],
214 silly audit   'std-env': [ '3.10.0' ],
214 silly audit   'supports-color': [ '5.5.0' ],
214 silly audit   tinyexec: [ '1.1.1' ],
214 silly audit   'to-regex-range': [ '5.0.1' ],
214 silly audit   toidentifier: [ '1.0.1' ],
214 silly audit   touch: [ '3.1.1' ],
214 silly audit   'type-is': [ '2.0.1' ],
214 silly audit   undefsafe: [ '2.0.5' ],
214 silly audit   unpipe: [ '1.0.0' ],
214 silly audit   valibot: [ '1.2.0' ],
214 silly audit   vary: [ '1.1.2' ],
214 silly audit   which: [ '2.0.2' ],
214 silly audit   wrappy: [ '1.0.2' ],
214 silly audit   zeptomatch: [ '2.1.0' ],
214 silly audit   '@libsql/client': [ '0.17.2' ],
214 silly audit   '@prisma/adapter-libsql': [ '7.7.0' ],
214 silly audit   '@libsql/core': [ '0.17.2' ],
214 silly audit   '@libsql/hrana-client': [ '0.9.0' ],
214 silly audit   'js-base64': [ '3.7.8' ],
214 silly audit   libsql: [ '0.5.29' ],
214 silly audit   'promise-limit': [ '2.7.0' ],
214 silly audit   '@libsql/isomorphic-ws': [ '0.1.5' ],
214 silly audit   'cross-fetch': [ '4.1.0' ],
214 silly audit   'node-fetch': [ '3.3.2', '2.7.0' ],
214 silly audit   '@types/ws': [ '8.18.1' ],
214 silly audit   ws: [ '8.20.0' ],
214 silly audit   '@prisma/driver-adapter-utils': [ '7.7.0' ],
214 silly audit   'async-mutex': [ '0.5.0' ],
214 silly audit   '@types/node': [ '25.6.0' ],
214 silly audit   'undici-types': [ '7.19.2' ],
214 silly audit   tslib: [ '2.8.1' ],
214 silly audit   '@libsql/darwin-arm64': [ '0.5.29' ],
214 silly audit   '@libsql/darwin-x64': [ '0.5.29' ],
214 silly audit   '@libsql/linux-arm-gnueabihf': [ '0.5.29' ],
214 silly audit   '@libsql/linux-arm-musleabihf': [ '0.5.29' ],
214 silly audit   '@libsql/linux-arm64-gnu': [ '0.5.29' ],
214 silly audit   '@libsql/linux-arm64-musl': [ '0.5.29' ],
214 silly audit   '@libsql/linux-x64-gnu': [ '0.5.29' ],
214 silly audit   '@libsql/linux-x64-musl': [ '0.5.29' ],
214 silly audit   '@libsql/win32-x64-msvc': [ '0.5.29' ],
214 silly audit   '@neon-rs/load': [ '0.0.4' ],
214 silly audit   'detect-libc': [ '2.0.2' ],
214 silly audit   'data-uri-to-buffer': [ '4.0.1' ],
214 silly audit   'fetch-blob': [ '3.2.0' ],
214 silly audit   'formdata-polyfill': [ '4.0.10' ],
214 silly audit   'node-domexception': [ '1.0.0' ],
214 silly audit   'web-streams-polyfill': [ '3.3.3' ],
214 silly audit   'whatwg-url': [ '5.0.0' ],
214 silly audit   tr46: [ '0.0.3' ],
214 silly audit   'webidl-conversions': [ '3.0.1' ]
214 silly audit }
215 verbose reify failed optional dependency /Users/franivan/Documents/ProyectosWeb/HotelTriz/server/node_modules/@libsql/win32-x64-msvc
216 silly reify mark deleted [
216 silly reify   '/Users/franivan/Documents/ProyectosWeb/HotelTriz/server/node_modules/@libsql/win32-x64-msvc'
216 silly reify ]
217 verbose reify failed optional dependency /Users/franivan/Documents/ProyectosWeb/HotelTriz/server/node_modules/@libsql/linux-x64-musl
218 silly reify mark deleted [
218 silly reify   '/Users/franivan/Documents/ProyectosWeb/HotelTriz/server/node_modules/@libsql/linux-x64-musl'
218 silly reify ]
219 verbose reify failed optional dependency /Users/franivan/Documents/ProyectosWeb/HotelTriz/server/node_modules/@libsql/linux-x64-gnu
220 silly reify mark deleted [
220 silly reify   '/Users/franivan/Documents/ProyectosWeb/HotelTriz/server/node_modules/@libsql/linux-x64-gnu'
220 silly reify ]
221 verbose reify failed optional dependency /Users/franivan/Documents/ProyectosWeb/HotelTriz/server/node_modules/@libsql/linux-arm64-musl
222 silly reify mark deleted [
222 silly reify   '/Users/franivan/Documents/ProyectosWeb/HotelTriz/server/node_modules/@libsql/linux-arm64-musl'
222 silly reify ]
223 verbose reify failed optional dependency /Users/franivan/Documents/ProyectosWeb/HotelTriz/server/node_modules/@libsql/linux-arm64-gnu
224 silly reify mark deleted [
224 silly reify   '/Users/franivan/Documents/ProyectosWeb/HotelTriz/server/node_modules/@libsql/linux-arm64-gnu'
224 silly reify ]
225 verbose reify failed optional dependency /Users/franivan/Documents/ProyectosWeb/HotelTriz/server/node_modules/@libsql/linux-arm-musleabihf
226 silly reify mark deleted [
226 silly reify   '/Users/franivan/Documents/ProyectosWeb/HotelTriz/server/node_modules/@libsql/linux-arm-musleabihf'
226 silly reify ]
227 verbose reify failed optional dependency /Users/franivan/Documents/ProyectosWeb/HotelTriz/server/node_modules/@libsql/linux-arm-gnueabihf
228 silly reify mark deleted [
228 silly reify   '/Users/franivan/Documents/ProyectosWeb/HotelTriz/server/node_modules/@libsql/linux-arm-gnueabihf'
228 silly reify ]
229 verbose reify failed optional dependency /Users/franivan/Documents/ProyectosWeb/HotelTriz/server/node_modules/@libsql/darwin-x64
230 silly reify mark deleted [
230 silly reify   '/Users/franivan/Documents/ProyectosWeb/HotelTriz/server/node_modules/@libsql/darwin-x64'
230 silly reify ]
231 http cache webidl-conversions@https://registry.npmjs.org/webidl-conversions/-/webidl-conversions-3.0.1.tgz 0ms (cache hit)
232 http cache whatwg-url@https://registry.npmjs.org/whatwg-url/-/whatwg-url-5.0.0.tgz 0ms (cache hit)
233 http cache tr46@https://registry.npmjs.org/tr46/-/tr46-0.0.3.tgz 0ms (cache hit)
234 http cache web-streams-polyfill@https://registry.npmjs.org/web-streams-polyfill/-/web-streams-polyfill-3.3.3.tgz 0ms (cache hit)
235 http cache node-domexception@https://registry.npmjs.org/node-domexception/-/node-domexception-1.0.0.tgz 0ms (cache hit)
236 http cache formdata-polyfill@https://registry.npmjs.org/formdata-polyfill/-/formdata-polyfill-4.0.10.tgz 0ms (cache hit)
237 http cache detect-libc@https://registry.npmjs.org/detect-libc/-/detect-libc-2.0.2.tgz 0ms (cache hit)
238 http cache fetch-blob@https://registry.npmjs.org/fetch-blob/-/fetch-blob-3.2.0.tgz 0ms (cache hit)
239 http cache @neon-rs/load@https://registry.npmjs.org/@neon-rs/load/-/load-0.0.4.tgz 0ms (cache hit)
240 http cache @libsql/darwin-arm64@https://registry.npmjs.org/@libsql/darwin-arm64/-/darwin-arm64-0.5.29.tgz 0ms (cache hit)
241 http cache undici-types@https://registry.npmjs.org/undici-types/-/undici-types-7.19.2.tgz 0ms (cache hit)
242 http cache @types/node@https://registry.npmjs.org/@types/node/-/node-25.6.0.tgz 0ms (cache hit)
243 http cache tslib@https://registry.npmjs.org/tslib/-/tslib-2.8.1.tgz 0ms (cache hit)
244 http cache async-mutex@https://registry.npmjs.org/async-mutex/-/async-mutex-0.5.0.tgz 0ms (cache hit)
245 http cache @prisma/driver-adapter-utils@https://registry.npmjs.org/@prisma/driver-adapter-utils/-/driver-adapter-utils-7.7.0.tgz 0ms (cache hit)
246 http cache ws@https://registry.npmjs.org/ws/-/ws-8.20.0.tgz 0ms (cache hit)
247 http cache data-uri-to-buffer@https://registry.npmjs.org/data-uri-to-buffer/-/data-uri-to-buffer-4.0.1.tgz 0ms (cache hit)
248 http cache node-fetch@https://registry.npmjs.org/node-fetch/-/node-fetch-3.3.2.tgz 0ms (cache hit)
249 http cache cross-fetch@https://registry.npmjs.org/cross-fetch/-/cross-fetch-4.1.0.tgz 0ms (cache hit)
250 http cache @libsql/isomorphic-ws@https://registry.npmjs.org/@libsql/isomorphic-ws/-/isomorphic-ws-0.1.5.tgz 0ms (cache hit)
251 http cache promise-limit@https://registry.npmjs.org/promise-limit/-/promise-limit-2.7.0.tgz 0ms (cache hit)
252 http cache libsql@https://registry.npmjs.org/libsql/-/libsql-0.5.29.tgz 0ms (cache hit)
253 http cache js-base64@https://registry.npmjs.org/js-base64/-/js-base64-3.7.8.tgz 0ms (cache hit)
254 http cache @libsql/hrana-client@https://registry.npmjs.org/@libsql/hrana-client/-/hrana-client-0.9.0.tgz 0ms (cache hit)
255 http cache @libsql/core@https://registry.npmjs.org/@libsql/core/-/core-0.17.2.tgz 0ms (cache hit)
256 http cache @prisma/adapter-libsql@https://registry.npmjs.org/@prisma/adapter-libsql/-/adapter-libsql-7.7.0.tgz 0ms (cache hit)
257 http cache @libsql/client@https://registry.npmjs.org/@libsql/client/-/client-0.17.2.tgz 0ms (cache hit)
258 http cache @types/ws@https://registry.npmjs.org/@types/ws/-/ws-8.18.1.tgz 0ms (cache hit)
259 http cache fsevents@https://registry.npmjs.org/fsevents/-/fsevents-2.3.3.tgz 0ms (cache hit)
260 http cache node-fetch@https://registry.npmjs.org/node-fetch/-/node-fetch-2.7.0.tgz 0ms (cache hit)
261 silly tarball no local data for webidl-conversions@https://registry.npmjs.org/webidl-conversions/-/webidl-conversions-3.0.1.tgz. Extracting by manifest.
262 silly tarball no local data for whatwg-url@https://registry.npmjs.org/whatwg-url/-/whatwg-url-5.0.0.tgz. Extracting by manifest.
263 silly tarball no local data for tr46@https://registry.npmjs.org/tr46/-/tr46-0.0.3.tgz. Extracting by manifest.
264 silly tarball no local data for web-streams-polyfill@https://registry.npmjs.org/web-streams-polyfill/-/web-streams-polyfill-3.3.3.tgz. Extracting by manifest.
265 silly tarball no local data for node-domexception@https://registry.npmjs.org/node-domexception/-/node-domexception-1.0.0.tgz. Extracting by manifest.
266 silly tarball no local data for formdata-polyfill@https://registry.npmjs.org/formdata-polyfill/-/formdata-polyfill-4.0.10.tgz. Extracting by manifest.
267 silly tarball no local data for detect-libc@https://registry.npmjs.org/detect-libc/-/detect-libc-2.0.2.tgz. Extracting by manifest.
268 silly tarball no local data for fetch-blob@https://registry.npmjs.org/fetch-blob/-/fetch-blob-3.2.0.tgz. Extracting by manifest.
269 silly tarball no local data for @neon-rs/load@https://registry.npmjs.org/@neon-rs/load/-/load-0.0.4.tgz. Extracting by manifest.
270 silly tarball no local data for @libsql/darwin-arm64@https://registry.npmjs.org/@libsql/darwin-arm64/-/darwin-arm64-0.5.29.tgz. Extracting by manifest.
271 silly tarball no local data for undici-types@https://registry.npmjs.org/undici-types/-/undici-types-7.19.2.tgz. Extracting by manifest.
272 silly tarball no local data for @types/node@https://registry.npmjs.org/@types/node/-/node-25.6.0.tgz. Extracting by manifest.
273 silly tarball no local data for async-mutex@https://registry.npmjs.org/async-mutex/-/async-mutex-0.5.0.tgz. Extracting by manifest.
274 silly tarball no local data for @prisma/driver-adapter-utils@https://registry.npmjs.org/@prisma/driver-adapter-utils/-/driver-adapter-utils-7.7.0.tgz. Extracting by manifest.
275 silly tarball no local data for ws@https://registry.npmjs.org/ws/-/ws-8.20.0.tgz. Extracting by manifest.
276 silly tarball no local data for data-uri-to-buffer@https://registry.npmjs.org/data-uri-to-buffer/-/data-uri-to-buffer-4.0.1.tgz. Extracting by manifest.
277 silly tarball no local data for node-fetch@https://registry.npmjs.org/node-fetch/-/node-fetch-3.3.2.tgz. Extracting by manifest.
278 silly tarball no local data for cross-fetch@https://registry.npmjs.org/cross-fetch/-/cross-fetch-4.1.0.tgz. Extracting by manifest.
279 silly tarball no local data for @libsql/isomorphic-ws@https://registry.npmjs.org/@libsql/isomorphic-ws/-/isomorphic-ws-0.1.5.tgz. Extracting by manifest.
280 silly tarball no local data for promise-limit@https://registry.npmjs.org/promise-limit/-/promise-limit-2.7.0.tgz. Extracting by manifest.
281 silly tarball no local data for libsql@https://registry.npmjs.org/libsql/-/libsql-0.5.29.tgz. Extracting by manifest.
282 silly tarball no local data for js-base64@https://registry.npmjs.org/js-base64/-/js-base64-3.7.8.tgz. Extracting by manifest.
283 silly tarball no local data for @libsql/hrana-client@https://registry.npmjs.org/@libsql/hrana-client/-/hrana-client-0.9.0.tgz. Extracting by manifest.
284 silly tarball no local data for @libsql/core@https://registry.npmjs.org/@libsql/core/-/core-0.17.2.tgz. Extracting by manifest.
285 silly tarball no local data for @prisma/adapter-libsql@https://registry.npmjs.org/@prisma/adapter-libsql/-/adapter-libsql-7.7.0.tgz. Extracting by manifest.
286 silly tarball no local data for @libsql/client@https://registry.npmjs.org/@libsql/client/-/client-0.17.2.tgz. Extracting by manifest.
287 silly tarball no local data for @types/ws@https://registry.npmjs.org/@types/ws/-/ws-8.18.1.tgz. Extracting by manifest.
288 silly tarball no local data for node-fetch@https://registry.npmjs.org/node-fetch/-/node-fetch-2.7.0.tgz. Extracting by manifest.
289 http fetch GET 200 https://registry.npmjs.org/node-domexception/-/node-domexception-1.0.0.tgz 45ms (cache miss)
290 warn deprecated node-domexception@1.0.0: Use your platform's native DOMException instead
291 http fetch GET 200 https://registry.npmjs.org/tr46/-/tr46-0.0.3.tgz 50ms (cache miss)
292 http fetch GET 200 https://registry.npmjs.org/formdata-polyfill/-/formdata-polyfill-4.0.10.tgz 57ms (cache miss)
293 http fetch GET 200 https://registry.npmjs.org/whatwg-url/-/whatwg-url-5.0.0.tgz 73ms (cache miss)
294 http fetch GET 200 https://registry.npmjs.org/webidl-conversions/-/webidl-conversions-3.0.1.tgz 73ms (cache miss)
295 http fetch GET 200 https://registry.npmjs.org/data-uri-to-buffer/-/data-uri-to-buffer-4.0.1.tgz 98ms (cache miss)
296 http fetch GET 200 https://registry.npmjs.org/ws/-/ws-8.20.0.tgz 99ms (cache miss)
297 http fetch GET 200 https://registry.npmjs.org/node-fetch/-/node-fetch-3.3.2.tgz 108ms (cache miss)
298 http fetch GET 200 https://registry.npmjs.org/cross-fetch/-/cross-fetch-4.1.0.tgz 115ms (cache miss)
299 http fetch GET 200 https://registry.npmjs.org/promise-limit/-/promise-limit-2.7.0.tgz 125ms (cache miss)
300 http fetch POST 200 https://registry.npmjs.org/-/npm/v1/security/advisories/bulk 148ms
301 silly audit report {
301 silly audit report   '@hono/node-server': [
301 silly audit report     {
301 silly audit report       id: 1116281,
301 silly audit report       url: 'https://github.com/advisories/GHSA-92pp-h63x-v22m',
301 silly audit report       title: '@hono/node-server: Middleware bypass via repeated slashes in serveStatic',
301 silly audit report       severity: 'moderate',
301 silly audit report       vulnerable_versions: '<1.19.13',
301 silly audit report       cwe: [Array],
301 silly audit report       cvss: [Object]
301 silly audit report     }
301 silly audit report   ]
301 silly audit report }
302 silly packumentCache corgi:https://registry.npmjs.org/@hono%2fnode-server cache-miss
303 http fetch GET 200 https://registry.npmjs.org/fetch-blob/-/fetch-blob-3.2.0.tgz 139ms (cache miss)
304 http fetch GET 200 https://registry.npmjs.org/detect-libc/-/detect-libc-2.0.2.tgz 140ms (cache miss)
305 http fetch GET 200 https://registry.npmjs.org/libsql/-/libsql-0.5.29.tgz 169ms (cache miss)
306 http fetch GET 200 https://registry.npmjs.org/js-base64/-/js-base64-3.7.8.tgz 202ms (cache miss)
307 http fetch GET 200 https://registry.npmjs.org/async-mutex/-/async-mutex-0.5.0.tgz 205ms (cache miss)
308 http fetch GET 200 https://registry.npmjs.org/@prisma/driver-adapter-utils/-/driver-adapter-utils-7.7.0.tgz 207ms (cache miss)
309 http fetch GET 200 https://registry.npmjs.org/@types/ws/-/ws-8.18.1.tgz 212ms (cache miss)
310 http fetch GET 200 https://registry.npmjs.org/undici-types/-/undici-types-7.19.2.tgz 215ms (cache miss)
311 http fetch GET 200 https://registry.npmjs.org/web-streams-polyfill/-/web-streams-polyfill-3.3.3.tgz 222ms (cache miss)
312 http fetch GET 200 https://registry.npmjs.org/node-fetch/-/node-fetch-2.7.0.tgz 232ms (cache miss)
313 http fetch GET 200 https://registry.npmjs.org/@libsql/isomorphic-ws/-/isomorphic-ws-0.1.5.tgz 250ms (cache miss)
314 http fetch GET 200 https://registry.npmjs.org/@hono%2fnode-server 132ms (cache miss)
315 silly packumentCache corgi:https://registry.npmjs.org/@hono%2fnode-server set size:undefined disposed:false
316 silly packumentCache corgi:https://registry.npmjs.org/@prisma%2fdev cache-miss
317 http fetch GET 200 https://registry.npmjs.org/@neon-rs/load/-/load-0.0.4.tgz 291ms (cache miss)
318 http fetch GET 200 https://registry.npmjs.org/@libsql/core/-/core-0.17.2.tgz 303ms (cache miss)
319 http fetch GET 200 https://registry.npmjs.org/@types/node/-/node-25.6.0.tgz 307ms (cache miss)
320 http fetch GET 200 https://registry.npmjs.org/@libsql/hrana-client/-/hrana-client-0.9.0.tgz 324ms (cache miss)
321 http fetch GET 200 https://registry.npmjs.org/@libsql/client/-/client-0.17.2.tgz 329ms (cache miss)
322 http fetch GET 200 https://registry.npmjs.org/@prisma/adapter-libsql/-/adapter-libsql-7.7.0.tgz 587ms (cache miss)
323 http fetch GET 200 https://registry.npmjs.org/@libsql/darwin-arm64/-/darwin-arm64-0.5.29.tgz 626ms (cache miss)
324 http fetch GET 200 https://registry.npmjs.org/@prisma%2fdev 405ms (cache miss)
325 silly packumentCache corgi:https://registry.npmjs.org/@prisma%2fdev set size:undefined disposed:false
326 silly packumentCache corgi:https://registry.npmjs.org/prisma cache-miss
327 http fetch GET 200 https://registry.npmjs.org/prisma 471ms (cache miss)
328 silly packumentCache corgi:https://registry.npmjs.org/prisma set size:undefined disposed:false
329 silly packumentCache corgi:https://registry.npmjs.org/@prisma%2fclient cache-miss
330 http fetch GET 200 https://registry.npmjs.org/@prisma%2fclient 782ms (cache miss)
331 silly packumentCache corgi:https://registry.npmjs.org/@prisma%2fclient set size:undefined disposed:false
332 silly ADD node_modules/webidl-conversions
333 silly ADD node_modules/tr46
334 silly ADD node_modules/whatwg-url
335 silly ADD node_modules/web-streams-polyfill
336 silly ADD node_modules/node-domexception
337 silly ADD node_modules/formdata-polyfill
338 silly ADD node_modules/fetch-blob
339 silly ADD node_modules/data-uri-to-buffer
340 silly ADD node_modules/detect-libc
341 silly ADD node_modules/@neon-rs/load
342 silly ADD node_modules/@libsql/win32-x64-msvc
343 silly ADD node_modules/@libsql/linux-x64-musl
344 silly ADD node_modules/@libsql/linux-x64-gnu
345 silly ADD node_modules/@libsql/linux-arm64-musl
346 silly ADD node_modules/@libsql/linux-arm64-gnu
347 silly ADD node_modules/@libsql/linux-arm-musleabihf
348 silly ADD node_modules/@libsql/linux-arm-gnueabihf
349 silly ADD node_modules/@libsql/darwin-x64
350 silly ADD node_modules/@libsql/darwin-arm64
351 silly ADD node_modules/tslib
352 silly ADD node_modules/undici-types
353 silly ADD node_modules/@types/node
354 silly ADD node_modules/async-mutex
355 silly ADD node_modules/@prisma/driver-adapter-utils
356 silly ADD node_modules/ws
357 silly ADD node_modules/@types/ws
358 silly ADD node_modules/node-fetch
359 silly ADD node_modules/cross-fetch
360 silly ADD node_modules/cross-fetch/node_modules/node-fetch
361 silly ADD node_modules/@libsql/isomorphic-ws
362 silly ADD node_modules/promise-limit
363 silly ADD node_modules/libsql
364 silly ADD node_modules/js-base64
365 silly ADD node_modules/@libsql/hrana-client
366 silly ADD node_modules/@libsql/core
367 silly ADD node_modules/@prisma/adapter-libsql
368 silly ADD node_modules/@libsql/client
369 silly ADD node_modules/fsevents
370 verbose cwd /Users/franivan/Documents/ProyectosWeb/HotelTriz/server
371 verbose os Darwin 24.6.0
372 verbose node v22.13.1
373 verbose npm  v11.4.2
374 verbose exit 0
375 info ok
