0 verbose cli /usr/local/bin/node /usr/local/lib/node_modules/npm/bin/npm-cli.js
1 info using npm@11.4.2
2 info using node@v22.13.1
3 silly config load:file:/usr/local/lib/node_modules/npm/npmrc
4 silly config load:file:/Users/franivan/Documents/ProyectosWeb/HotelTriz/server/.npmrc
5 silly config load:file:/Users/franivan/.npmrc
6 verbose config error loading user config Error: EPERM: operation not permitted, open '/Users/franivan/.npmrc'
6 verbose config     at async open (node:internal/fs/promises:638:25)
6 verbose config     at async readFile (node:internal/fs/promises:1242:14)
6 verbose config     at async #loadFile (/usr/local/lib/node_modules/npm/node_modules/@npmcli/config/lib/index.js:635:5)
6 verbose config     at async Config.load (/usr/local/lib/node_modules/npm/node_modules/@npmcli/config/lib/index.js:259:5)
6 verbose config     at async #load (/usr/local/lib/node_modules/npm/lib/npm.js:99:5)
6 verbose config     at async Npm.load (/usr/local/lib/node_modules/npm/lib/npm.js:81:14)
6 verbose config     at async module.exports (/usr/local/lib/node_modules/npm/lib/cli/entry.js:35:37) {
6 verbose config   errno: -1,
6 verbose config   code: 'EPERM',
6 verbose config   syscall: 'open',
6 verbose config   path: '/Users/franivan/.npmrc'
6 verbose config }
7 silly config load:file:/usr/local/etc/npmrc
8 verbose title npm exec prisma generate
9 verbose argv "exec" "--" "prisma" "generate"
10 verbose logfile logs-max:10 dir:/Users/franivan/Documents/ProyectosWeb/HotelTriz/server/.npm_cache/_logs/2026-04-15T10_48_52_728Z-
11 verbose logfile /Users/franivan/Documents/ProyectosWeb/HotelTriz/server/.npm_cache/_logs/2026-04-15T10_48_52_728Z-debug-0.log
12 silly logfile done cleaning log files
13 http fetch GET 200 https://registry.npmjs.org/npm 206ms
14 verbose cwd /Users/franivan/Documents/ProyectosWeb/HotelTriz/server
15 verbose os Darwin 24.6.0
16 verbose node v22.13.1
17 verbose npm  v11.4.2
18 notice
18 notice New [33mminor[39m version of npm available! [33m11.4.2[39m -> [34m11.12.1[39m
18 notice Changelog: [34mhttps://github.com/npm/cli/releases/tag/v11.12.1[39m
18 notice To update run: [4mnpm install -g npm@11.12.1[24m
18 notice  { force: true, [Symbol(proc-log.meta)]: true }
19 verbose exit 1
20 verbose code 1
